+ export GFSVER=v15
+ GFSVER=v15
+ export HOMEgfs=/home/Bo.Huang/JEDI-2020/UFS-Aerosols_NRTcyc/UFS-Aerosols_JEDI-AeroDA-1C192-20C192_NRT
+ HOMEgfs=/home/Bo.Huang/JEDI-2020/UFS-Aerosols_NRTcyc/UFS-Aerosols_JEDI-AeroDA-1C192-20C192_NRT
+ export ROTDIR=/scratch2/BMC/gsd-fv3-dev/MAPP_2018/bhuang/JEDI-2020/JEDI-FV3/expRuns/UFS-Aerosols_RETcyc/CHGRES_GDAS_v15/dr-data
+ ROTDIR=/scratch2/BMC/gsd-fv3-dev/MAPP_2018/bhuang/JEDI-2020/JEDI-FV3/expRuns/UFS-Aerosols_RETcyc/CHGRES_GDAS_v15/dr-data
+ export GDASHPSSDIR=/BMC/fim/5year/MAPP_2018/bhuang/BackupGdas/v15/
+ GDASHPSSDIR=/BMC/fim/5year/MAPP_2018/bhuang/BackupGdas/v15/
+ export CDATE=2020052512
+ CDATE=2020052512
+ export NMEMSORG=80
+ NMEMSORG=80
+ export NMEMSPROST=01
+ NMEMSPROST=01
+ export NMEMSPROED=10
+ NMEMSPROED=10
+ export SHIFTMEM=+50
+ SHIFTMEM=+50
+ CYMD=20200525
+ CY=2020
+ CM=05
+ CD=25
+ CH=12
+ NCP='/bin/cp -r'
+ NMV='/bin/mv -f'
+ NRM='/bin/rm -rf'
+ NLN='/bin/ln -sf'
+ GDASDIR=/scratch2/BMC/gsd-fv3-dev/MAPP_2018/bhuang/JEDI-2020/JEDI-FV3/expRuns/UFS-Aerosols_RETcyc/CHGRES_GDAS_v15/dr-data/
+ GDASCNTLIN=/scratch2/BMC/gsd-fv3-dev/MAPP_2018/bhuang/JEDI-2020/JEDI-FV3/expRuns/UFS-Aerosols_RETcyc/CHGRES_GDAS_v15/dr-data//gdas.2020052512/INPUT
+ GDASENKFIN=/scratch2/BMC/gsd-fv3-dev/MAPP_2018/bhuang/JEDI-2020/JEDI-FV3/expRuns/UFS-Aerosols_RETcyc/CHGRES_GDAS_v15/dr-data//enkfgdas.2020052512/INPUT
+ [[ ! -d /scratch2/BMC/gsd-fv3-dev/MAPP_2018/bhuang/JEDI-2020/JEDI-FV3/expRuns/UFS-Aerosols_RETcyc/CHGRES_GDAS_v15/dr-data/ ]]
+ [[ ! -d /scratch2/BMC/gsd-fv3-dev/MAPP_2018/bhuang/JEDI-2020/JEDI-FV3/expRuns/UFS-Aerosols_RETcyc/CHGRES_GDAS_v15/dr-data//gdas.2020052512/INPUT ]]
+ [[ ! -d /scratch2/BMC/gsd-fv3-dev/MAPP_2018/bhuang/JEDI-2020/JEDI-FV3/expRuns/UFS-Aerosols_RETcyc/CHGRES_GDAS_v15/dr-data//enkfgdas.2020052512/INPUT ]]
+ cd /scratch2/BMC/gsd-fv3-dev/MAPP_2018/bhuang/JEDI-2020/JEDI-FV3/expRuns/UFS-Aerosols_RETcyc/CHGRES_GDAS_v15/dr-data//gdas.2020052512/INPUT
+ TARFILE=/BMC/fim/5year/MAPP_2018/bhuang/BackupGdas/v15//202005/gdas.2020052512.tar
+ htar -xvf /BMC/fim/5year/MAPP_2018/bhuang/BackupGdas/v15//202005/gdas.2020052512.tar
[connecting to hpsscore1.fairmont.rdhpcs.noaa.gov/1217]
HTAR: x gdas.t12z.atmanl.nemsio, 15779010324 bytes, 30818381 media blocks
HTAR: x gdas.t12z.sfcanl.nemsio, 1170221688 bytes, 2285591 media blocks
HTAR: Extract complete for /BMC/fim/5year/MAPP_2018/bhuang/BackupGdas/v15//202005/gdas.2020052512.tar, 2 files. total bytes read: 16949233664 in 34.588 seconds (490.027 MB/s ) wallclock/user/sys: 34.755 0.199 35.721 seconds
HTAR: HTAR SUCCESSFUL
+ ERR=0
+ [[ 0 -ne 0 ]]
+ cd /scratch2/BMC/gsd-fv3-dev/MAPP_2018/bhuang/JEDI-2020/JEDI-FV3/expRuns/UFS-Aerosols_RETcyc/CHGRES_GDAS_v15/dr-data//enkfgdas.2020052512/INPUT
+ TARFILE=/BMC/fim/5year/MAPP_2018/bhuang/BackupGdas/v15//202005/enkfgdas.2020052512.tar
+ rm -rf list1.gdasenkf list2.gdasenkf list3.gdasenkf
+ htar -tvf /BMC/fim/5year/MAPP_2018/bhuang/BackupGdas/v15//202005/enkfgdas.2020052512.tar
[connecting to hpsscore1.fairmont.rdhpcs.noaa.gov/1217]
+ IMEM=01
+ '[' 01 -le 10 ']'
+ IMEM_RPL=51
++ printf %03d 51
+ MEMSTR=mem051
+ grep mem051 list1.gdasenkf
+ IMEM=2
+ '[' 2 -le 10 ']'
+ IMEM_RPL=52
++ printf %03d 52
+ MEMSTR=mem052
+ grep mem052 list1.gdasenkf
+ IMEM=3
+ '[' 3 -le 10 ']'
+ IMEM_RPL=53
++ printf %03d 53
+ MEMSTR=mem053
+ grep mem053 list1.gdasenkf
+ IMEM=4
+ '[' 4 -le 10 ']'
+ IMEM_RPL=54
++ printf %03d 54
+ MEMSTR=mem054
+ grep mem054 list1.gdasenkf
+ IMEM=5
+ '[' 5 -le 10 ']'
+ IMEM_RPL=55
++ printf %03d 55
+ MEMSTR=mem055
+ grep mem055 list1.gdasenkf
+ IMEM=6
+ '[' 6 -le 10 ']'
+ IMEM_RPL=56
++ printf %03d 56
+ MEMSTR=mem056
+ grep mem056 list1.gdasenkf
+ IMEM=7
+ '[' 7 -le 10 ']'
+ IMEM_RPL=57
++ printf %03d 57
+ MEMSTR=mem057
+ grep mem057 list1.gdasenkf
+ IMEM=8
+ '[' 8 -le 10 ']'
+ IMEM_RPL=58
++ printf %03d 58
+ MEMSTR=mem058
+ grep mem058 list1.gdasenkf
+ IMEM=9
+ '[' 9 -le 10 ']'
+ IMEM_RPL=59
++ printf %03d 59
+ MEMSTR=mem059
+ grep mem059 list1.gdasenkf
+ IMEM=10
+ '[' 10 -le 10 ']'
+ IMEM_RPL=60
++ printf %03d 60
+ MEMSTR=mem060
+ grep mem060 list1.gdasenkf
+ IMEM=11
+ '[' 11 -le 10 ']'
+ read -r line
+ echo mem051/
+ read -r line
+ echo mem051/RESTART/
+ read -r line
+ echo mem051/RESTART/20200525.120000.sfcanl_data.tile1.nc
+ read -r line
+ echo mem051/RESTART/20200525.120000.sfcanl_data.tile2.nc
+ read -r line
+ echo mem051/RESTART/20200525.120000.sfcanl_data.tile3.nc
+ read -r line
+ echo mem051/RESTART/20200525.120000.sfcanl_data.tile4.nc
+ read -r line
+ echo mem051/RESTART/20200525.120000.sfcanl_data.tile5.nc
+ read -r line
+ echo mem051/RESTART/20200525.120000.sfcanl_data.tile6.nc
+ read -r line
+ echo mem051/gdas.t12z.ratmanl.nemsio
+ read -r line
+ echo mem052/
+ read -r line
+ echo mem052/RESTART/
+ read -r line
+ echo mem052/RESTART/20200525.120000.sfcanl_data.tile1.nc
+ read -r line
+ echo mem052/RESTART/20200525.120000.sfcanl_data.tile2.nc
+ read -r line
+ echo mem052/RESTART/20200525.120000.sfcanl_data.tile3.nc
+ read -r line
+ echo mem052/RESTART/20200525.120000.sfcanl_data.tile4.nc
+ read -r line
+ echo mem052/RESTART/20200525.120000.sfcanl_data.tile5.nc
+ read -r line
+ echo mem052/RESTART/20200525.120000.sfcanl_data.tile6.nc
+ read -r line
+ echo mem052/gdas.t12z.ratmanl.nemsio
+ read -r line
+ echo mem053/
+ read -r line
+ echo mem053/RESTART/
+ read -r line
+ echo mem053/RESTART/20200525.120000.sfcanl_data.tile1.nc
+ read -r line
+ echo mem053/RESTART/20200525.120000.sfcanl_data.tile2.nc
+ read -r line
+ echo mem053/RESTART/20200525.120000.sfcanl_data.tile3.nc
+ read -r line
+ echo mem053/RESTART/20200525.120000.sfcanl_data.tile4.nc
+ read -r line
+ echo mem053/RESTART/20200525.120000.sfcanl_data.tile5.nc
+ read -r line
+ echo mem053/RESTART/20200525.120000.sfcanl_data.tile6.nc
+ read -r line
+ echo mem053/gdas.t12z.ratmanl.nemsio
+ read -r line
+ echo mem054/
+ read -r line
+ echo mem054/RESTART/
+ read -r line
+ echo mem054/RESTART/20200525.120000.sfcanl_data.tile1.nc
+ read -r line
+ echo mem054/RESTART/20200525.120000.sfcanl_data.tile2.nc
+ read -r line
+ echo mem054/RESTART/20200525.120000.sfcanl_data.tile3.nc
+ read -r line
+ echo mem054/RESTART/20200525.120000.sfcanl_data.tile4.nc
+ read -r line
+ echo mem054/RESTART/20200525.120000.sfcanl_data.tile5.nc
+ read -r line
+ echo mem054/RESTART/20200525.120000.sfcanl_data.tile6.nc
+ read -r line
+ echo mem054/gdas.t12z.ratmanl.nemsio
+ read -r line
+ echo mem055/
+ read -r line
+ echo mem055/RESTART/
+ read -r line
+ echo mem055/RESTART/20200525.120000.sfcanl_data.tile1.nc
+ read -r line
+ echo mem055/RESTART/20200525.120000.sfcanl_data.tile2.nc
+ read -r line
+ echo mem055/RESTART/20200525.120000.sfcanl_data.tile3.nc
+ read -r line
+ echo mem055/RESTART/20200525.120000.sfcanl_data.tile4.nc
+ read -r line
+ echo mem055/RESTART/20200525.120000.sfcanl_data.tile5.nc
+ read -r line
+ echo mem055/RESTART/20200525.120000.sfcanl_data.tile6.nc
+ read -r line
+ echo mem055/gdas.t12z.ratmanl.nemsio
+ read -r line
+ echo mem056/
+ read -r line
+ echo mem056/RESTART/
+ read -r line
+ echo mem056/RESTART/20200525.120000.sfcanl_data.tile1.nc
+ read -r line
+ echo mem056/RESTART/20200525.120000.sfcanl_data.tile2.nc
+ read -r line
+ echo mem056/RESTART/20200525.120000.sfcanl_data.tile3.nc
+ read -r line
+ echo mem056/RESTART/20200525.120000.sfcanl_data.tile4.nc
+ read -r line
+ echo mem056/RESTART/20200525.120000.sfcanl_data.tile5.nc
+ read -r line
+ echo mem056/RESTART/20200525.120000.sfcanl_data.tile6.nc
+ read -r line
+ echo mem056/gdas.t12z.ratmanl.nemsio
+ read -r line
+ echo mem057/
+ read -r line
+ echo mem057/RESTART/
+ read -r line
+ echo mem057/RESTART/20200525.120000.sfcanl_data.tile1.nc
+ read -r line
+ echo mem057/RESTART/20200525.120000.sfcanl_data.tile2.nc
+ read -r line
+ echo mem057/RESTART/20200525.120000.sfcanl_data.tile3.nc
+ read -r line
+ echo mem057/RESTART/20200525.120000.sfcanl_data.tile4.nc
+ read -r line
+ echo mem057/RESTART/20200525.120000.sfcanl_data.tile5.nc
+ read -r line
+ echo mem057/RESTART/20200525.120000.sfcanl_data.tile6.nc
+ read -r line
+ echo mem057/gdas.t12z.ratmanl.nemsio
+ read -r line
+ echo mem058/
+ read -r line
+ echo mem058/RESTART/
+ read -r line
+ echo mem058/RESTART/20200525.120000.sfcanl_data.tile1.nc
+ read -r line
+ echo mem058/RESTART/20200525.120000.sfcanl_data.tile2.nc
+ read -r line
+ echo mem058/RESTART/20200525.120000.sfcanl_data.tile3.nc
+ read -r line
+ echo mem058/RESTART/20200525.120000.sfcanl_data.tile4.nc
+ read -r line
+ echo mem058/RESTART/20200525.120000.sfcanl_data.tile5.nc
+ read -r line
+ echo mem058/RESTART/20200525.120000.sfcanl_data.tile6.nc
+ read -r line
+ echo mem058/gdas.t12z.ratmanl.nemsio
+ read -r line
+ echo mem059/
+ read -r line
+ echo mem059/RESTART/
+ read -r line
+ echo mem059/RESTART/20200525.120000.sfcanl_data.tile1.nc
+ read -r line
+ echo mem059/RESTART/20200525.120000.sfcanl_data.tile2.nc
+ read -r line
+ echo mem059/RESTART/20200525.120000.sfcanl_data.tile3.nc
+ read -r line
+ echo mem059/RESTART/20200525.120000.sfcanl_data.tile4.nc
+ read -r line
+ echo mem059/RESTART/20200525.120000.sfcanl_data.tile5.nc
+ read -r line
+ echo mem059/RESTART/20200525.120000.sfcanl_data.tile6.nc
+ read -r line
+ echo mem059/gdas.t12z.ratmanl.nemsio
+ read -r line
+ echo mem060/
+ read -r line
+ echo mem060/RESTART/
+ read -r line
+ echo mem060/RESTART/20200525.120000.sfcanl_data.tile1.nc
+ read -r line
+ echo mem060/RESTART/20200525.120000.sfcanl_data.tile2.nc
+ read -r line
+ echo mem060/RESTART/20200525.120000.sfcanl_data.tile3.nc
+ read -r line
+ echo mem060/RESTART/20200525.120000.sfcanl_data.tile4.nc
+ read -r line
+ echo mem060/RESTART/20200525.120000.sfcanl_data.tile5.nc
+ read -r line
+ echo mem060/RESTART/20200525.120000.sfcanl_data.tile6.nc
+ read -r line
+ echo mem060/gdas.t12z.ratmanl.nemsio
+ read -r line
+ htar -xvf /BMC/fim/5year/MAPP_2018/bhuang/BackupGdas/v15//202005/enkfgdas.2020052512.tar -L ./list3.gdasenkf
[connecting to hpsscore1.fairmont.rdhpcs.noaa.gov/1217]
HTAR: x mem051/
HTAR: x mem051/RESTART/
HTAR: x mem051/RESTART/20200525.120000.sfcanl_data.tile1.nc, 73186279 bytes, 142943 media blocks
HTAR: x mem051/RESTART/20200525.120000.sfcanl_data.tile2.nc, 73186279 bytes, 142943 media blocks
HTAR: x mem051/RESTART/20200525.120000.sfcanl_data.tile3.nc, 73186279 bytes, 142943 media blocks
HTAR: x mem051/RESTART/20200525.120000.sfcanl_data.tile4.nc, 73186279 bytes, 142943 media blocks
HTAR: x mem051/RESTART/20200525.120000.sfcanl_data.tile5.nc, 73186279 bytes, 142943 media blocks
HTAR: x mem051/RESTART/20200525.120000.sfcanl_data.tile6.nc, 73186279 bytes, 142943 media blocks
HTAR: x mem051/gdas.t12z.ratmanl.nemsio, 3944781400 bytes, 7704653 media blocks
slurmstepd: error: *** JOB 50556370 ON hfe11 CANCELLED AT 2023-10-13T00:17:46 ***
_______________________________________________________________
Start Epilog on node hfe11 for job 50556370 :: Fri Oct 13 00:17:50 UTC 2023
Job 50556370 (serial) finished for user Bo.Huang in partition service with exit code 0:0
_______________________________________________________________
End Epilogue Fri Oct 13 00:17:50 UTC 2023
+ export GFSVER=v15
+ GFSVER=v15
+ export HOMEgfs=/home/Bo.Huang/JEDI-2020/UFS-Aerosols_NRTcyc/UFS-Aerosols_JEDI-AeroDA-1C192-20C192_NRT
+ HOMEgfs=/home/Bo.Huang/JEDI-2020/UFS-Aerosols_NRTcyc/UFS-Aerosols_JEDI-AeroDA-1C192-20C192_NRT
+ export ROTDIR=/scratch2/BMC/gsd-fv3-dev/MAPP_2018/bhuang/JEDI-2020/JEDI-FV3/expRuns/UFS-Aerosols_RETcyc/CHGRES_GDAS_v15/dr-data
+ ROTDIR=/scratch2/BMC/gsd-fv3-dev/MAPP_2018/bhuang/JEDI-2020/JEDI-FV3/expRuns/UFS-Aerosols_RETcyc/CHGRES_GDAS_v15/dr-data
+ export GDASHPSSDIR=/BMC/fim/5year/MAPP_2018/bhuang/BackupGdas/v15/
+ GDASHPSSDIR=/BMC/fim/5year/MAPP_2018/bhuang/BackupGdas/v15/
+ export CDATE=2020052512
+ CDATE=2020052512
+ export NMEMSORG=80
+ NMEMSORG=80
+ export NMEMSPROST=01
+ NMEMSPROST=01
+ export NMEMSPROED=10
+ NMEMSPROED=10
+ export SHIFTMEM=+50
+ SHIFTMEM=+50
+ CYMD=20200525
+ CY=2020
+ CM=05
+ CD=25
+ CH=12
+ NCP='/bin/cp -r'
+ NMV='/bin/mv -f'
+ NRM='/bin/rm -rf'
+ NLN='/bin/ln -sf'
+ GDASDIR=/scratch2/BMC/gsd-fv3-dev/MAPP_2018/bhuang/JEDI-2020/JEDI-FV3/expRuns/UFS-Aerosols_RETcyc/CHGRES_GDAS_v15/dr-data/
+ GDASCNTLIN=/scratch2/BMC/gsd-fv3-dev/MAPP_2018/bhuang/JEDI-2020/JEDI-FV3/expRuns/UFS-Aerosols_RETcyc/CHGRES_GDAS_v15/dr-data//gdas.2020052512/INPUT
+ GDASENKFIN=/scratch2/BMC/gsd-fv3-dev/MAPP_2018/bhuang/JEDI-2020/JEDI-FV3/expRuns/UFS-Aerosols_RETcyc/CHGRES_GDAS_v15/dr-data//enkfgdas.2020052512/INPUT
+ [[ ! -d /scratch2/BMC/gsd-fv3-dev/MAPP_2018/bhuang/JEDI-2020/JEDI-FV3/expRuns/UFS-Aerosols_RETcyc/CHGRES_GDAS_v15/dr-data/ ]]
+ [[ ! -d /scratch2/BMC/gsd-fv3-dev/MAPP_2018/bhuang/JEDI-2020/JEDI-FV3/expRuns/UFS-Aerosols_RETcyc/CHGRES_GDAS_v15/dr-data//gdas.2020052512/INPUT ]]
+ [[ ! -d /scratch2/BMC/gsd-fv3-dev/MAPP_2018/bhuang/JEDI-2020/JEDI-FV3/expRuns/UFS-Aerosols_RETcyc/CHGRES_GDAS_v15/dr-data//enkfgdas.2020052512/INPUT ]]
+ cd /scratch2/BMC/gsd-fv3-dev/MAPP_2018/bhuang/JEDI-2020/JEDI-FV3/expRuns/UFS-Aerosols_RETcyc/CHGRES_GDAS_v15/dr-data//gdas.2020052512/INPUT
+ TARFILE=/BMC/fim/5year/MAPP_2018/bhuang/BackupGdas/v15//202005/gdas.2020052512.tar
+ htar -xvf /BMC/fim/5year/MAPP_2018/bhuang/BackupGdas/v15//202005/gdas.2020052512.tar
[connecting to hpsscore1.fairmont.rdhpcs.noaa.gov/1217]
HTAR: x gdas.t12z.atmanl.nemsio, 15779010324 bytes, 30818381 media blocks
HTAR: x gdas.t12z.sfcanl.nemsio, 1170221688 bytes, 2285591 media blocks
HTAR: Extract complete for /BMC/fim/5year/MAPP_2018/bhuang/BackupGdas/v15//202005/gdas.2020052512.tar, 2 files. total bytes read: 16949233664 in 30.760 seconds (551.010 MB/s ) wallclock/user/sys: 30.977 0.203 27.146 seconds
HTAR: HTAR SUCCESSFUL
+ ERR=0
+ [[ 0 -ne 0 ]]
+ cd /scratch2/BMC/gsd-fv3-dev/MAPP_2018/bhuang/JEDI-2020/JEDI-FV3/expRuns/UFS-Aerosols_RETcyc/CHGRES_GDAS_v15/dr-data//enkfgdas.2020052512/INPUT
+ TARFILE=/BMC/fim/5year/MAPP_2018/bhuang/BackupGdas/v15//202005/enkfgdas.2020052512.tar
+ rm -rf list1.gdasenkf list2.gdasenkf list3.gdasenkf
+ htar -tvf /BMC/fim/5year/MAPP_2018/bhuang/BackupGdas/v15//202005/enkfgdas.2020052512.tar
[connecting to hpsscore1.fairmont.rdhpcs.noaa.gov/1217]
+ IMEM=01
+ '[' 01 -le 10 ']'
+ IMEM_RPL=51
++ printf %03d 51
+ MEMSTR=mem051
+ grep mem051 list1.gdasenkf
+ IMEM=2
+ '[' 2 -le 10 ']'
+ IMEM_RPL=52
++ printf %03d 52
+ MEMSTR=mem052
+ grep mem052 list1.gdasenkf
+ IMEM=3
+ '[' 3 -le 10 ']'
+ IMEM_RPL=53
++ printf %03d 53
+ MEMSTR=mem053
+ grep mem053 list1.gdasenkf
+ IMEM=4
+ '[' 4 -le 10 ']'
+ IMEM_RPL=54
++ printf %03d 54
+ MEMSTR=mem054
+ grep mem054 list1.gdasenkf
+ IMEM=5
+ '[' 5 -le 10 ']'
+ IMEM_RPL=55
++ printf %03d 55
+ MEMSTR=mem055
+ grep mem055 list1.gdasenkf
+ IMEM=6
+ '[' 6 -le 10 ']'
+ IMEM_RPL=56
++ printf %03d 56
+ MEMSTR=mem056
+ grep mem056 list1.gdasenkf
+ IMEM=7
+ '[' 7 -le 10 ']'
+ IMEM_RPL=57
++ printf %03d 57
+ MEMSTR=mem057
+ grep mem057 list1.gdasenkf
+ IMEM=8
+ '[' 8 -le 10 ']'
+ IMEM_RPL=58
++ printf %03d 58
+ MEMSTR=mem058
+ grep mem058 list1.gdasenkf
+ IMEM=9
+ '[' 9 -le 10 ']'
+ IMEM_RPL=59
++ printf %03d 59
+ MEMSTR=mem059
+ grep mem059 list1.gdasenkf
+ IMEM=10
+ '[' 10 -le 10 ']'
+ IMEM_RPL=60
++ printf %03d 60
+ MEMSTR=mem060
+ grep mem060 list1.gdasenkf
+ IMEM=11
+ '[' 11 -le 10 ']'
+ read -r line
+ echo mem051/
+ read -r line
+ echo mem051/RESTART/
+ read -r line
+ echo mem051/RESTART/20200525.120000.sfcanl_data.tile1.nc
+ read -r line
+ echo mem051/RESTART/20200525.120000.sfcanl_data.tile2.nc
+ read -r line
+ echo mem051/RESTART/20200525.120000.sfcanl_data.tile3.nc
+ read -r line
+ echo mem051/RESTART/20200525.120000.sfcanl_data.tile4.nc
+ read -r line
+ echo mem051/RESTART/20200525.120000.sfcanl_data.tile5.nc
+ read -r line
+ echo mem051/RESTART/20200525.120000.sfcanl_data.tile6.nc
+ read -r line
+ echo mem051/gdas.t12z.ratmanl.nemsio
+ read -r line
+ echo mem052/
+ read -r line
+ echo mem052/RESTART/
+ read -r line
+ echo mem052/RESTART/20200525.120000.sfcanl_data.tile1.nc
+ read -r line
+ echo mem052/RESTART/20200525.120000.sfcanl_data.tile2.nc
+ read -r line
+ echo mem052/RESTART/20200525.120000.sfcanl_data.tile3.nc
+ read -r line
+ echo mem052/RESTART/20200525.120000.sfcanl_data.tile4.nc
+ read -r line
+ echo mem052/RESTART/20200525.120000.sfcanl_data.tile5.nc
+ read -r line
+ echo mem052/RESTART/20200525.120000.sfcanl_data.tile6.nc
+ read -r line
+ echo mem052/gdas.t12z.ratmanl.nemsio
+ read -r line
+ echo mem053/
+ read -r line
+ echo mem053/RESTART/
+ read -r line
+ echo mem053/RESTART/20200525.120000.sfcanl_data.tile1.nc
+ read -r line
+ echo mem053/RESTART/20200525.120000.sfcanl_data.tile2.nc
+ read -r line
+ echo mem053/RESTART/20200525.120000.sfcanl_data.tile3.nc
+ read -r line
+ echo mem053/RESTART/20200525.120000.sfcanl_data.tile4.nc
+ read -r line
+ echo mem053/RESTART/20200525.120000.sfcanl_data.tile5.nc
+ read -r line
+ echo mem053/RESTART/20200525.120000.sfcanl_data.tile6.nc
+ read -r line
+ echo mem053/gdas.t12z.ratmanl.nemsio
+ read -r line
+ echo mem054/
+ read -r line
+ echo mem054/RESTART/
+ read -r line
+ echo mem054/RESTART/20200525.120000.sfcanl_data.tile1.nc
+ read -r line
+ echo mem054/RESTART/20200525.120000.sfcanl_data.tile2.nc
+ read -r line
+ echo mem054/RESTART/20200525.120000.sfcanl_data.tile3.nc
+ read -r line
+ echo mem054/RESTART/20200525.120000.sfcanl_data.tile4.nc
+ read -r line
+ echo mem054/RESTART/20200525.120000.sfcanl_data.tile5.nc
+ read -r line
+ echo mem054/RESTART/20200525.120000.sfcanl_data.tile6.nc
+ read -r line
+ echo mem054/gdas.t12z.ratmanl.nemsio
+ read -r line
+ echo mem055/
+ read -r line
+ echo mem055/RESTART/
+ read -r line
+ echo mem055/RESTART/20200525.120000.sfcanl_data.tile1.nc
+ read -r line
+ echo mem055/RESTART/20200525.120000.sfcanl_data.tile2.nc
+ read -r line
+ echo mem055/RESTART/20200525.120000.sfcanl_data.tile3.nc
+ read -r line
+ echo mem055/RESTART/20200525.120000.sfcanl_data.tile4.nc
+ read -r line
+ echo mem055/RESTART/20200525.120000.sfcanl_data.tile5.nc
+ read -r line
+ echo mem055/RESTART/20200525.120000.sfcanl_data.tile6.nc
+ read -r line
+ echo mem055/gdas.t12z.ratmanl.nemsio
+ read -r line
+ echo mem056/
+ read -r line
+ echo mem056/RESTART/
+ read -r line
+ echo mem056/RESTART/20200525.120000.sfcanl_data.tile1.nc
+ read -r line
+ echo mem056/RESTART/20200525.120000.sfcanl_data.tile2.nc
+ read -r line
+ echo mem056/RESTART/20200525.120000.sfcanl_data.tile3.nc
+ read -r line
+ echo mem056/RESTART/20200525.120000.sfcanl_data.tile4.nc
+ read -r line
+ echo mem056/RESTART/20200525.120000.sfcanl_data.tile5.nc
+ read -r line
+ echo mem056/RESTART/20200525.120000.sfcanl_data.tile6.nc
+ read -r line
+ echo mem056/gdas.t12z.ratmanl.nemsio
+ read -r line
+ echo mem057/
+ read -r line
+ echo mem057/RESTART/
+ read -r line
+ echo mem057/RESTART/20200525.120000.sfcanl_data.tile1.nc
+ read -r line
+ echo mem057/RESTART/20200525.120000.sfcanl_data.tile2.nc
+ read -r line
+ echo mem057/RESTART/20200525.120000.sfcanl_data.tile3.nc
+ read -r line
+ echo mem057/RESTART/20200525.120000.sfcanl_data.tile4.nc
+ read -r line
+ echo mem057/RESTART/20200525.120000.sfcanl_data.tile5.nc
+ read -r line
+ echo mem057/RESTART/20200525.120000.sfcanl_data.tile6.nc
+ read -r line
+ echo mem057/gdas.t12z.ratmanl.nemsio
+ read -r line
+ echo mem058/
+ read -r line
+ echo mem058/RESTART/
+ read -r line
+ echo mem058/RESTART/20200525.120000.sfcanl_data.tile1.nc
+ read -r line
+ echo mem058/RESTART/20200525.120000.sfcanl_data.tile2.nc
+ read -r line
+ echo mem058/RESTART/20200525.120000.sfcanl_data.tile3.nc
+ read -r line
+ echo mem058/RESTART/20200525.120000.sfcanl_data.tile4.nc
+ read -r line
+ echo mem058/RESTART/20200525.120000.sfcanl_data.tile5.nc
+ read -r line
+ echo mem058/RESTART/20200525.120000.sfcanl_data.tile6.nc
+ read -r line
+ echo mem058/gdas.t12z.ratmanl.nemsio
+ read -r line
+ echo mem059/
+ read -r line
+ echo mem059/RESTART/
+ read -r line
+ echo mem059/RESTART/20200525.120000.sfcanl_data.tile1.nc
+ read -r line
+ echo mem059/RESTART/20200525.120000.sfcanl_data.tile2.nc
+ read -r line
+ echo mem059/RESTART/20200525.120000.sfcanl_data.tile3.nc
+ read -r line
+ echo mem059/RESTART/20200525.120000.sfcanl_data.tile4.nc
+ read -r line
+ echo mem059/RESTART/20200525.120000.sfcanl_data.tile5.nc
+ read -r line
+ echo mem059/RESTART/20200525.120000.sfcanl_data.tile6.nc
+ read -r line
+ echo mem059/gdas.t12z.ratmanl.nemsio
+ read -r line
+ echo mem060/
+ read -r line
+ echo mem060/RESTART/
+ read -r line
+ echo mem060/RESTART/20200525.120000.sfcanl_data.tile1.nc
+ read -r line
+ echo mem060/RESTART/20200525.120000.sfcanl_data.tile2.nc
+ read -r line
+ echo mem060/RESTART/20200525.120000.sfcanl_data.tile3.nc
+ read -r line
+ echo mem060/RESTART/20200525.120000.sfcanl_data.tile4.nc
+ read -r line
+ echo mem060/RESTART/20200525.120000.sfcanl_data.tile5.nc
+ read -r line
+ echo mem060/RESTART/20200525.120000.sfcanl_data.tile6.nc
+ read -r line
+ echo mem060/gdas.t12z.ratmanl.nemsio
+ read -r line
+ htar -xvf /BMC/fim/5year/MAPP_2018/bhuang/BackupGdas/v15//202005/enkfgdas.2020052512.tar -L ./list3.gdasenkf
[connecting to hpsscore1.fairmont.rdhpcs.noaa.gov/1217]
HTAR: x mem051/
HTAR: x mem051/RESTART/
HTAR: x mem051/RESTART/20200525.120000.sfcanl_data.tile1.nc, 73186279 bytes, 142943 media blocks
HTAR: x mem051/RESTART/20200525.120000.sfcanl_data.tile2.nc, 73186279 bytes, 142943 media blocks
HTAR: x mem051/RESTART/20200525.120000.sfcanl_data.tile3.nc, 73186279 bytes, 142943 media blocks
HTAR: x mem051/RESTART/20200525.120000.sfcanl_data.tile4.nc, 73186279 bytes, 142943 media blocks
HTAR: x mem051/RESTART/20200525.120000.sfcanl_data.tile5.nc, 73186279 bytes, 142943 media blocks
HTAR: x mem051/RESTART/20200525.120000.sfcanl_data.tile6.nc, 73186279 bytes, 142943 media blocks
HTAR: x mem051/gdas.t12z.ratmanl.nemsio, 3944781400 bytes, 7704653 media blocks
HTAR: x mem052/
HTAR: x mem052/RESTART/
HTAR: x mem052/RESTART/20200525.120000.sfcanl_data.tile1.nc, 73186279 bytes, 142943 media blocks
HTAR: x mem052/RESTART/20200525.120000.sfcanl_data.tile2.nc, 73186279 bytes, 142943 media blocks
HTAR: x mem052/RESTART/20200525.120000.sfcanl_data.tile3.nc, 73186279 bytes, 142943 media blocks
HTAR: x mem052/RESTART/20200525.120000.sfcanl_data.tile4.nc, 73186279 bytes, 142943 media blocks
HTAR: x mem052/RESTART/20200525.120000.sfcanl_data.tile5.nc, 73186279 bytes, 142943 media blocks
HTAR: x mem052/RESTART/20200525.120000.sfcanl_data.tile6.nc, 73186279 bytes, 142943 media blocks
HTAR: x mem052/gdas.t12z.ratmanl.nemsio, 3944781400 bytes, 7704653 media blocks
HTAR: x mem053/
HTAR: x mem053/RESTART/
HTAR: x mem053/RESTART/20200525.120000.sfcanl_data.tile1.nc, 73186279 bytes, 142943 media blocks
HTAR: x mem053/RESTART/20200525.120000.sfcanl_data.tile2.nc, 73186279 bytes, 142943 media blocks
HTAR: x mem053/RESTART/20200525.120000.sfcanl_data.tile3.nc, 73186279 bytes, 142943 media blocks
HTAR: x mem053/RESTART/20200525.120000.sfcanl_data.tile4.nc, 73186279 bytes, 142943 media blocks
HTAR: x mem053/RESTART/20200525.120000.sfcanl_data.tile5.nc, 73186279 bytes, 142943 media blocks
HTAR: x mem053/RESTART/20200525.120000.sfcanl_data.tile6.nc, 73186279 bytes, 142943 media blocks
HTAR: x mem053/gdas.t12z.ratmanl.nemsio, 3944781400 bytes, 7704653 media blocks
HTAR: x mem054/
HTAR: x mem054/RESTART/
HTAR: x mem054/RESTART/20200525.120000.sfcanl_data.tile1.nc, 73186279 bytes, 142943 media blocks
HTAR: x mem054/RESTART/20200525.120000.sfcanl_data.tile2.nc, 73186279 bytes, 142943 media blocks
HTAR: x mem054/RESTART/20200525.120000.sfcanl_data.tile3.nc, 73186279 bytes, 142943 media blocks
HTAR: x mem054/RESTART/20200525.120000.sfcanl_data.tile4.nc, 73186279 bytes, 142943 media blocks
HTAR: x mem054/RESTART/20200525.120000.sfcanl_data.tile5.nc, 73186279 bytes, 142943 media blocks
HTAR: x mem054/RESTART/20200525.120000.sfcanl_data.tile6.nc, 73186279 bytes, 142943 media blocks
HTAR: x mem054/gdas.t12z.ratmanl.nemsio, 3944781400 bytes, 7704653 media blocks
HTAR: x mem055/
HTAR: x mem055/RESTART/
HTAR: x mem055/RESTART/20200525.120000.sfcanl_data.tile1.nc, 73186279 bytes, 142943 media blocks
HTAR: x mem055/RESTART/20200525.120000.sfcanl_data.tile2.nc, 73186279 bytes, 142943 media blocks
HTAR: x mem055/RESTART/20200525.120000.sfcanl_data.tile3.nc, 73186279 bytes, 142943 media blocks
HTAR: x mem055/RESTART/20200525.120000.sfcanl_data.tile4.nc, 73186279 bytes, 142943 media blocks
HTAR: x mem055/RESTART/20200525.120000.sfcanl_data.tile5.nc, 73186279 bytes, 142943 media blocks
HTAR: x mem055/RESTART/20200525.120000.sfcanl_data.tile6.nc, 73186279 bytes, 142943 media blocks
HTAR: x mem055/gdas.t12z.ratmanl.nemsio, 3944781400 bytes, 7704653 media blocks
HTAR: x mem056/
HTAR: x mem056/RESTART/
HTAR: x mem056/RESTART/20200525.120000.sfcanl_data.tile1.nc, 73186279 bytes, 142943 media blocks
HTAR: x mem056/RESTART/20200525.120000.sfcanl_data.tile2.nc, 73186279 bytes, 142943 media blocks
HTAR: x mem056/RESTART/20200525.120000.sfcanl_data.tile3.nc, 73186279 bytes, 142943 media blocks
HTAR: x mem056/RESTART/20200525.120000.sfcanl_data.tile4.nc, 73186279 bytes, 142943 media blocks
HTAR: x mem056/RESTART/20200525.120000.sfcanl_data.tile5.nc, 73186279 bytes, 142943 media blocks
HTAR: x mem056/RESTART/20200525.120000.sfcanl_data.tile6.nc, 73186279 bytes, 142943 media blocks
HTAR: x mem056/gdas.t12z.ratmanl.nemsio, 3944781400 bytes, 7704653 media blocks
HTAR: x mem057/
HTAR: x mem057/RESTART/
HTAR: x mem057/RESTART/20200525.120000.sfcanl_data.tile1.nc, 73186279 bytes, 142943 media blocks
HTAR: x mem057/RESTART/20200525.120000.sfcanl_data.tile2.nc, 73186279 bytes, 142943 media blocks
HTAR: x mem057/RESTART/20200525.120000.sfcanl_data.tile3.nc, 73186279 bytes, 142943 media blocks
HTAR: x mem057/RESTART/20200525.120000.sfcanl_data.tile4.nc, 73186279 bytes, 142943 media blocks
HTAR: x mem057/RESTART/20200525.120000.sfcanl_data.tile5.nc, 73186279 bytes, 142943 media blocks
HTAR: x mem057/RESTART/20200525.120000.sfcanl_data.tile6.nc, 73186279 bytes, 142943 media blocks
HTAR: x mem057/gdas.t12z.ratmanl.nemsio, 3944781400 bytes, 7704653 media blocks
HTAR: x mem058/
HTAR: x mem058/RESTART/
HTAR: x mem058/RESTART/20200525.120000.sfcanl_data.tile1.nc, 73186279 bytes, 142943 media blocks
HTAR: x mem058/RESTART/20200525.120000.sfcanl_data.tile2.nc, 73186279 bytes, 142943 media blocks
HTAR: x mem058/RESTART/20200525.120000.sfcanl_data.tile3.nc, 73186279 bytes, 142943 media blocks
HTAR: x mem058/RESTART/20200525.120000.sfcanl_data.tile4.nc, 73186279 bytes, 142943 media blocks
HTAR: x mem058/RESTART/20200525.120000.sfcanl_data.tile5.nc, 73186279 bytes, 142943 media blocks
HTAR: x mem058/RESTART/20200525.120000.sfcanl_data.tile6.nc, 73186279 bytes, 142943 media blocks
HTAR: x mem058/gdas.t12z.ratmanl.nemsio, 3944781400 bytes, 7704653 media blocks
HTAR: x mem059/
HTAR: x mem059/RESTART/
HTAR: x mem059/RESTART/20200525.120000.sfcanl_data.tile1.nc, 73186279 bytes, 142943 media blocks
HTAR: x mem059/RESTART/20200525.120000.sfcanl_data.tile2.nc, 73186279 bytes, 142943 media blocks
HTAR: x mem059/RESTART/20200525.120000.sfcanl_data.tile3.nc, 73186279 bytes, 142943 media blocks
HTAR: x mem059/RESTART/20200525.120000.sfcanl_data.tile4.nc, 73186279 bytes, 142943 media blocks
HTAR: x mem059/RESTART/20200525.120000.sfcanl_data.tile5.nc, 73186279 bytes, 142943 media blocks
HTAR: x mem059/RESTART/20200525.120000.sfcanl_data.tile6.nc, 73186279 bytes, 142943 media blocks
HTAR: x mem059/gdas.t12z.ratmanl.nemsio, 3944781400 bytes, 7704653 media blocks
HTAR: x mem060/
HTAR: x mem060/RESTART/
HTAR: x mem060/RESTART/20200525.120000.sfcanl_data.tile1.nc, 73186279 bytes, 142943 media blocks
HTAR: x mem060/RESTART/20200525.120000.sfcanl_data.tile2.nc, 73186279 bytes, 142943 media blocks
HTAR: x mem060/RESTART/20200525.120000.sfcanl_data.tile3.nc, 73186279 bytes, 142943 media blocks
HTAR: x mem060/RESTART/20200525.120000.sfcanl_data.tile4.nc, 73186279 bytes, 142943 media blocks
HTAR: x mem060/RESTART/20200525.120000.sfcanl_data.tile5.nc, 73186279 bytes, 142943 media blocks
HTAR: x mem060/RESTART/20200525.120000.sfcanl_data.tile6.nc, 73186279 bytes, 142943 media blocks
HTAR: x mem060/gdas.t12z.ratmanl.nemsio, 3944781400 bytes, 7704653 media blocks
HTAR: Extract complete for /BMC/fim/5year/MAPP_2018/bhuang/BackupGdas/v15//202005/enkfgdas.2020052512.tar, 70 files. total bytes read: 43839042560 in 112.220 seconds (390.653 MB/s ) wallclock/user/sys: 112.442 0.535 108.389 seconds
HTAR: HTAR SUCCESSFUL
+ ERR=0
+ [[ 0 -ne 0 ]]
+ IMEM=01
+ '[' 01 -le 10 ']'
++ printf %03d 01
+ MEMSTR=mem001
+ IMEM_RPL=51
++ printf %03d 51
+ MEMSTR_RPL=mem051
+ echo 'mem051 '
mem051 
+ IMEM=2
+ '[' 2 -le 10 ']'
++ printf %03d 2
+ MEMSTR=mem002
+ IMEM_RPL=52
++ printf %03d 52
+ MEMSTR_RPL=mem052
+ echo 'mem052 '
mem052 
+ IMEM=3
+ '[' 3 -le 10 ']'
++ printf %03d 3
+ MEMSTR=mem003
+ IMEM_RPL=53
++ printf %03d 53
+ MEMSTR_RPL=mem053
+ echo 'mem053 '
mem053 
+ IMEM=4
+ '[' 4 -le 10 ']'
++ printf %03d 4
+ MEMSTR=mem004
+ IMEM_RPL=54
++ printf %03d 54
+ MEMSTR_RPL=mem054
+ echo 'mem054 '
mem054 
+ IMEM=5
+ '[' 5 -le 10 ']'
++ printf %03d 5
+ MEMSTR=mem005
+ IMEM_RPL=55
++ printf %03d 55
+ MEMSTR_RPL=mem055
+ echo 'mem055 '
mem055 
+ IMEM=6
+ '[' 6 -le 10 ']'
++ printf %03d 6
+ MEMSTR=mem006
+ IMEM_RPL=56
++ printf %03d 56
+ MEMSTR_RPL=mem056
+ echo 'mem056 '
mem056 
+ IMEM=7
+ '[' 7 -le 10 ']'
++ printf %03d 7
+ MEMSTR=mem007
+ IMEM_RPL=57
++ printf %03d 57
+ MEMSTR_RPL=mem057
+ echo 'mem057 '
mem057 
+ IMEM=8
+ '[' 8 -le 10 ']'
++ printf %03d 8
+ MEMSTR=mem008
+ IMEM_RPL=58
++ printf %03d 58
+ MEMSTR_RPL=mem058
+ echo 'mem058 '
mem058 
+ IMEM=9
+ '[' 9 -le 10 ']'
++ printf %03d 9
+ MEMSTR=mem009
+ IMEM_RPL=59
++ printf %03d 59
+ MEMSTR_RPL=mem059
+ echo 'mem059 '
mem059 
+ IMEM=10
+ '[' 10 -le 10 ']'
++ printf %03d 10
+ MEMSTR=mem010
+ IMEM_RPL=60
++ printf %03d 60
+ MEMSTR_RPL=mem060
+ echo 'mem060 '
mem060 
+ IMEM=11
+ '[' 11 -le 10 ']'
+ exit 0
_______________________________________________________________
Start Epilog on node hfe01 for job 50580264 :: Fri Oct 13 16:05:29 UTC 2023
Job 50580264 (serial) finished for user Bo.Huang in partition service with exit code 0:0
_______________________________________________________________
End Epilogue Fri Oct 13 16:05:29 UTC 2023
+ export GFSVER=v15
+ GFSVER=v15
+ export HOMEgfs=/home/Bo.Huang/JEDI-2020/UFS-Aerosols_NRTcyc/UFS-Aerosols_JEDI-AeroDA-1C192-20C192_NRT
+ HOMEgfs=/home/Bo.Huang/JEDI-2020/UFS-Aerosols_NRTcyc/UFS-Aerosols_JEDI-AeroDA-1C192-20C192_NRT
+ export ROTDIR=/scratch2/BMC/gsd-fv3-dev/MAPP_2018/bhuang/JEDI-2020/JEDI-FV3/expRuns/UFS-Aerosols_RETcyc/CHGRES_GDAS_v15/dr-data
+ ROTDIR=/scratch2/BMC/gsd-fv3-dev/MAPP_2018/bhuang/JEDI-2020/JEDI-FV3/expRuns/UFS-Aerosols_RETcyc/CHGRES_GDAS_v15/dr-data
+ export GDASHPSSDIR=/BMC/fim/5year/MAPP_2018/bhuang/BackupGdas/v15/
+ GDASHPSSDIR=/BMC/fim/5year/MAPP_2018/bhuang/BackupGdas/v15/
+ export CDATE=2020052512
+ CDATE=2020052512
+ export NMEMSORG=80
+ NMEMSORG=80
+ export NMEMSPROST=01
+ NMEMSPROST=01
+ export NMEMSPROED=10
+ NMEMSPROED=10
+ export SHIFTMEM=+50
+ SHIFTMEM=+50
+ CYMD=20200525
+ CY=2020
+ CM=05
+ CD=25
+ CH=12
+ NCP='/bin/cp -r'
+ NMV='/bin/mv -f'
+ NRM='/bin/rm -rf'
+ NLN='/bin/ln -sf'
+ GDASDIR=/scratch2/BMC/gsd-fv3-dev/MAPP_2018/bhuang/JEDI-2020/JEDI-FV3/expRuns/UFS-Aerosols_RETcyc/CHGRES_GDAS_v15/dr-data/
+ GDASCNTLIN=/scratch2/BMC/gsd-fv3-dev/MAPP_2018/bhuang/JEDI-2020/JEDI-FV3/expRuns/UFS-Aerosols_RETcyc/CHGRES_GDAS_v15/dr-data//gdas.2020052512/INPUT
+ GDASENKFIN=/scratch2/BMC/gsd-fv3-dev/MAPP_2018/bhuang/JEDI-2020/JEDI-FV3/expRuns/UFS-Aerosols_RETcyc/CHGRES_GDAS_v15/dr-data//enkfgdas.2020052512/INPUT
+ [[ ! -d /scratch2/BMC/gsd-fv3-dev/MAPP_2018/bhuang/JEDI-2020/JEDI-FV3/expRuns/UFS-Aerosols_RETcyc/CHGRES_GDAS_v15/dr-data/ ]]
+ [[ ! -d /scratch2/BMC/gsd-fv3-dev/MAPP_2018/bhuang/JEDI-2020/JEDI-FV3/expRuns/UFS-Aerosols_RETcyc/CHGRES_GDAS_v15/dr-data//gdas.2020052512/INPUT ]]
+ [[ ! -d /scratch2/BMC/gsd-fv3-dev/MAPP_2018/bhuang/JEDI-2020/JEDI-FV3/expRuns/UFS-Aerosols_RETcyc/CHGRES_GDAS_v15/dr-data//enkfgdas.2020052512/INPUT ]]
+ cd /scratch2/BMC/gsd-fv3-dev/MAPP_2018/bhuang/JEDI-2020/JEDI-FV3/expRuns/UFS-Aerosols_RETcyc/CHGRES_GDAS_v15/dr-data//enkfgdas.2020052512/INPUT
+ TARFILE=/BMC/fim/5year/MAPP_2018/bhuang/BackupGdas/v15//202005/enkfgdas.2020052512.tar
+ rm -rf list1.gdasenkf list2.gdasenkf list3.gdasenkf
+ htar -tvf /BMC/fim/5year/MAPP_2018/bhuang/BackupGdas/v15//202005/enkfgdas.2020052512.tar
[connecting to hpsscore1.fairmont.rdhpcs.noaa.gov/1217]
+ IMEM=01
+ '[' 01 -le 10 ']'
+ IMEM_RPL=51
++ printf %03d 51
+ MEMSTR=mem051
+ grep mem051 list1.gdasenkf
+ IMEM=2
+ '[' 2 -le 10 ']'
+ IMEM_RPL=52
++ printf %03d 52
+ MEMSTR=mem052
+ grep mem052 list1.gdasenkf
+ IMEM=3
+ '[' 3 -le 10 ']'
+ IMEM_RPL=53
++ printf %03d 53
+ MEMSTR=mem053
+ grep mem053 list1.gdasenkf
+ IMEM=4
+ '[' 4 -le 10 ']'
+ IMEM_RPL=54
++ printf %03d 54
+ MEMSTR=mem054
+ grep mem054 list1.gdasenkf
+ IMEM=5
+ '[' 5 -le 10 ']'
+ IMEM_RPL=55
++ printf %03d 55
+ MEMSTR=mem055
+ grep mem055 list1.gdasenkf
+ IMEM=6
+ '[' 6 -le 10 ']'
+ IMEM_RPL=56
++ printf %03d 56
+ MEMSTR=mem056
+ grep mem056 list1.gdasenkf
+ IMEM=7
+ '[' 7 -le 10 ']'
+ IMEM_RPL=57
++ printf %03d 57
+ MEMSTR=mem057
+ grep mem057 list1.gdasenkf
+ IMEM=8
+ '[' 8 -le 10 ']'
+ IMEM_RPL=58
++ printf %03d 58
+ MEMSTR=mem058
+ grep mem058 list1.gdasenkf
+ IMEM=9
+ '[' 9 -le 10 ']'
+ IMEM_RPL=59
++ printf %03d 59
+ MEMSTR=mem059
+ grep mem059 list1.gdasenkf
+ IMEM=10
+ '[' 10 -le 10 ']'
+ IMEM_RPL=60
++ printf %03d 60
+ MEMSTR=mem060
+ grep mem060 list1.gdasenkf
+ IMEM=11
+ '[' 11 -le 10 ']'
+ read -r line
+ echo mem051/
+ read -r line
+ echo mem051/RESTART/
+ read -r line
+ echo mem051/RESTART/20200525.120000.sfcanl_data.tile1.nc
+ read -r line
+ echo mem051/RESTART/20200525.120000.sfcanl_data.tile2.nc
+ read -r line
+ echo mem051/RESTART/20200525.120000.sfcanl_data.tile3.nc
+ read -r line
+ echo mem051/RESTART/20200525.120000.sfcanl_data.tile4.nc
+ read -r line
+ echo mem051/RESTART/20200525.120000.sfcanl_data.tile5.nc
+ read -r line
+ echo mem051/RESTART/20200525.120000.sfcanl_data.tile6.nc
+ read -r line
+ echo mem051/gdas.t12z.ratmanl.nemsio
+ read -r line
+ echo mem052/
+ read -r line
+ echo mem052/RESTART/
+ read -r line
+ echo mem052/RESTART/20200525.120000.sfcanl_data.tile1.nc
+ read -r line
+ echo mem052/RESTART/20200525.120000.sfcanl_data.tile2.nc
+ read -r line
+ echo mem052/RESTART/20200525.120000.sfcanl_data.tile3.nc
+ read -r line
+ echo mem052/RESTART/20200525.120000.sfcanl_data.tile4.nc
+ read -r line
+ echo mem052/RESTART/20200525.120000.sfcanl_data.tile5.nc
+ read -r line
+ echo mem052/RESTART/20200525.120000.sfcanl_data.tile6.nc
+ read -r line
+ echo mem052/gdas.t12z.ratmanl.nemsio
+ read -r line
+ echo mem053/
+ read -r line
+ echo mem053/RESTART/
+ read -r line
+ echo mem053/RESTART/20200525.120000.sfcanl_data.tile1.nc
+ read -r line
+ echo mem053/RESTART/20200525.120000.sfcanl_data.tile2.nc
+ read -r line
+ echo mem053/RESTART/20200525.120000.sfcanl_data.tile3.nc
+ read -r line
+ echo mem053/RESTART/20200525.120000.sfcanl_data.tile4.nc
+ read -r line
+ echo mem053/RESTART/20200525.120000.sfcanl_data.tile5.nc
+ read -r line
+ echo mem053/RESTART/20200525.120000.sfcanl_data.tile6.nc
+ read -r line
+ echo mem053/gdas.t12z.ratmanl.nemsio
+ read -r line
+ echo mem054/
+ read -r line
+ echo mem054/RESTART/
+ read -r line
+ echo mem054/RESTART/20200525.120000.sfcanl_data.tile1.nc
+ read -r line
+ echo mem054/RESTART/20200525.120000.sfcanl_data.tile2.nc
+ read -r line
+ echo mem054/RESTART/20200525.120000.sfcanl_data.tile3.nc
+ read -r line
+ echo mem054/RESTART/20200525.120000.sfcanl_data.tile4.nc
+ read -r line
+ echo mem054/RESTART/20200525.120000.sfcanl_data.tile5.nc
+ read -r line
+ echo mem054/RESTART/20200525.120000.sfcanl_data.tile6.nc
+ read -r line
+ echo mem054/gdas.t12z.ratmanl.nemsio
+ read -r line
+ echo mem055/
+ read -r line
+ echo mem055/RESTART/
+ read -r line
+ echo mem055/RESTART/20200525.120000.sfcanl_data.tile1.nc
+ read -r line
+ echo mem055/RESTART/20200525.120000.sfcanl_data.tile2.nc
+ read -r line
+ echo mem055/RESTART/20200525.120000.sfcanl_data.tile3.nc
+ read -r line
+ echo mem055/RESTART/20200525.120000.sfcanl_data.tile4.nc
+ read -r line
+ echo mem055/RESTART/20200525.120000.sfcanl_data.tile5.nc
+ read -r line
+ echo mem055/RESTART/20200525.120000.sfcanl_data.tile6.nc
+ read -r line
+ echo mem055/gdas.t12z.ratmanl.nemsio
+ read -r line
+ echo mem056/
+ read -r line
+ echo mem056/RESTART/
+ read -r line
+ echo mem056/RESTART/20200525.120000.sfcanl_data.tile1.nc
+ read -r line
+ echo mem056/RESTART/20200525.120000.sfcanl_data.tile2.nc
+ read -r line
+ echo mem056/RESTART/20200525.120000.sfcanl_data.tile3.nc
+ read -r line
+ echo mem056/RESTART/20200525.120000.sfcanl_data.tile4.nc
+ read -r line
+ echo mem056/RESTART/20200525.120000.sfcanl_data.tile5.nc
+ read -r line
+ echo mem056/RESTART/20200525.120000.sfcanl_data.tile6.nc
+ read -r line
+ echo mem056/gdas.t12z.ratmanl.nemsio
+ read -r line
+ echo mem057/
+ read -r line
+ echo mem057/RESTART/
+ read -r line
+ echo mem057/RESTART/20200525.120000.sfcanl_data.tile1.nc
+ read -r line
+ echo mem057/RESTART/20200525.120000.sfcanl_data.tile2.nc
+ read -r line
+ echo mem057/RESTART/20200525.120000.sfcanl_data.tile3.nc
+ read -r line
+ echo mem057/RESTART/20200525.120000.sfcanl_data.tile4.nc
+ read -r line
+ echo mem057/RESTART/20200525.120000.sfcanl_data.tile5.nc
+ read -r line
+ echo mem057/RESTART/20200525.120000.sfcanl_data.tile6.nc
+ read -r line
+ echo mem057/gdas.t12z.ratmanl.nemsio
+ read -r line
+ echo mem058/
+ read -r line
+ echo mem058/RESTART/
+ read -r line
+ echo mem058/RESTART/20200525.120000.sfcanl_data.tile1.nc
+ read -r line
+ echo mem058/RESTART/20200525.120000.sfcanl_data.tile2.nc
+ read -r line
+ echo mem058/RESTART/20200525.120000.sfcanl_data.tile3.nc
+ read -r line
+ echo mem058/RESTART/20200525.120000.sfcanl_data.tile4.nc
+ read -r line
+ echo mem058/RESTART/20200525.120000.sfcanl_data.tile5.nc
+ read -r line
+ echo mem058/RESTART/20200525.120000.sfcanl_data.tile6.nc
+ read -r line
+ echo mem058/gdas.t12z.ratmanl.nemsio
+ read -r line
+ echo mem059/
+ read -r line
+ echo mem059/RESTART/
+ read -r line
+ echo mem059/RESTART/20200525.120000.sfcanl_data.tile1.nc
+ read -r line
+ echo mem059/RESTART/20200525.120000.sfcanl_data.tile2.nc
+ read -r line
+ echo mem059/RESTART/20200525.120000.sfcanl_data.tile3.nc
+ read -r line
+ echo mem059/RESTART/20200525.120000.sfcanl_data.tile4.nc
+ read -r line
+ echo mem059/RESTART/20200525.120000.sfcanl_data.tile5.nc
+ read -r line
+ echo mem059/RESTART/20200525.120000.sfcanl_data.tile6.nc
+ read -r line
+ echo mem059/gdas.t12z.ratmanl.nemsio
+ read -r line
+ echo mem060/
+ read -r line
+ echo mem060/RESTART/
+ read -r line
+ echo mem060/RESTART/20200525.120000.sfcanl_data.tile1.nc
+ read -r line
+ echo mem060/RESTART/20200525.120000.sfcanl_data.tile2.nc
+ read -r line
+ echo mem060/RESTART/20200525.120000.sfcanl_data.tile3.nc
+ read -r line
+ echo mem060/RESTART/20200525.120000.sfcanl_data.tile4.nc
+ read -r line
+ echo mem060/RESTART/20200525.120000.sfcanl_data.tile5.nc
+ read -r line
+ echo mem060/RESTART/20200525.120000.sfcanl_data.tile6.nc
+ read -r line
+ echo mem060/gdas.t12z.ratmanl.nemsio
+ read -r line
+ ERR=0
+ [[ 0 -ne 0 ]]
+ IMEM=01
+ '[' 01 -le 10 ']'
++ printf %03d 01
+ MEMSTR=mem001
+ IMEM_RPL=51
++ printf %03d 51
+ MEMSTR_RPL=mem051
+ echo 'mem051 mem001'
mem051 mem001
+ IMEM=2
+ '[' 2 -le 10 ']'
++ printf %03d 2
+ MEMSTR=mem002
+ IMEM_RPL=52
++ printf %03d 52
+ MEMSTR_RPL=mem052
+ echo 'mem052 mem002'
mem052 mem002
+ IMEM=3
+ '[' 3 -le 10 ']'
++ printf %03d 3
+ MEMSTR=mem003
+ IMEM_RPL=53
++ printf %03d 53
+ MEMSTR_RPL=mem053
+ echo 'mem053 mem003'
mem053 mem003
+ IMEM=4
+ '[' 4 -le 10 ']'
++ printf %03d 4
+ MEMSTR=mem004
+ IMEM_RPL=54
++ printf %03d 54
+ MEMSTR_RPL=mem054
+ echo 'mem054 mem004'
mem054 mem004
+ IMEM=5
+ '[' 5 -le 10 ']'
++ printf %03d 5
+ MEMSTR=mem005
+ IMEM_RPL=55
++ printf %03d 55
+ MEMSTR_RPL=mem055
+ echo 'mem055 mem005'
mem055 mem005
+ IMEM=6
+ '[' 6 -le 10 ']'
++ printf %03d 6
+ MEMSTR=mem006
+ IMEM_RPL=56
++ printf %03d 56
+ MEMSTR_RPL=mem056
+ echo 'mem056 mem006'
mem056 mem006
+ IMEM=7
+ '[' 7 -le 10 ']'
++ printf %03d 7
+ MEMSTR=mem007
+ IMEM_RPL=57
++ printf %03d 57
+ MEMSTR_RPL=mem057
+ echo 'mem057 mem007'
mem057 mem007
+ IMEM=8
+ '[' 8 -le 10 ']'
++ printf %03d 8
+ MEMSTR=mem008
+ IMEM_RPL=58
++ printf %03d 58
+ MEMSTR_RPL=mem058
+ echo 'mem058 mem008'
mem058 mem008
+ IMEM=9
+ '[' 9 -le 10 ']'
++ printf %03d 9
+ MEMSTR=mem009
+ IMEM_RPL=59
++ printf %03d 59
+ MEMSTR_RPL=mem059
+ echo 'mem059 mem009'
mem059 mem009
+ IMEM=10
+ '[' 10 -le 10 ']'
++ printf %03d 10
+ MEMSTR=mem010
+ IMEM_RPL=60
++ printf %03d 60
+ MEMSTR_RPL=mem060
+ echo 'mem060 mem010'
mem060 mem010
+ IMEM=11
+ '[' 11 -le 10 ']'
+ exit 0
_______________________________________________________________
Start Epilog on node hfe03 for job 50580478 :: Fri Oct 13 16:07:48 UTC 2023
Job 50580478 (serial) finished for user Bo.Huang in partition service with exit code 0:0
_______________________________________________________________
End Epilogue Fri Oct 13 16:07:48 UTC 2023
+ export GFSVER=v15
+ GFSVER=v15
+ export HOMEgfs=/home/Bo.Huang/JEDI-2020/UFS-Aerosols_NRTcyc/UFS-Aerosols_JEDI-AeroDA-1C192-20C192_NRT
+ HOMEgfs=/home/Bo.Huang/JEDI-2020/UFS-Aerosols_NRTcyc/UFS-Aerosols_JEDI-AeroDA-1C192-20C192_NRT
+ export ROTDIR=/scratch2/BMC/gsd-fv3-dev/MAPP_2018/bhuang/JEDI-2020/JEDI-FV3/expRuns/UFS-Aerosols_RETcyc/CHGRES_GDAS_v15/dr-data
+ ROTDIR=/scratch2/BMC/gsd-fv3-dev/MAPP_2018/bhuang/JEDI-2020/JEDI-FV3/expRuns/UFS-Aerosols_RETcyc/CHGRES_GDAS_v15/dr-data
+ export GDASHPSSDIR=/BMC/fim/5year/MAPP_2018/bhuang/BackupGdas/v15/
+ GDASHPSSDIR=/BMC/fim/5year/MAPP_2018/bhuang/BackupGdas/v15/
+ export CDATE=2020052512
+ CDATE=2020052512
+ export NMEMSORG=80
+ NMEMSORG=80
+ export NMEMSPROST=01
+ NMEMSPROST=01
+ export NMEMSPROED=10
+ NMEMSPROED=10
+ export SHIFTMEM=+50
+ SHIFTMEM=+50
+ CYMD=20200525
+ CY=2020
+ CM=05
+ CD=25
+ CH=12
+ NCP='/bin/cp -r'
+ NMV='/bin/mv -f'
+ NRM='/bin/rm -rf'
+ NLN='/bin/ln -sf'
+ GDASDIR=/scratch2/BMC/gsd-fv3-dev/MAPP_2018/bhuang/JEDI-2020/JEDI-FV3/expRuns/UFS-Aerosols_RETcyc/CHGRES_GDAS_v15/dr-data/
+ GDASCNTLIN=/scratch2/BMC/gsd-fv3-dev/MAPP_2018/bhuang/JEDI-2020/JEDI-FV3/expRuns/UFS-Aerosols_RETcyc/CHGRES_GDAS_v15/dr-data//gdas.2020052512/INPUT
+ GDASENKFIN=/scratch2/BMC/gsd-fv3-dev/MAPP_2018/bhuang/JEDI-2020/JEDI-FV3/expRuns/UFS-Aerosols_RETcyc/CHGRES_GDAS_v15/dr-data//enkfgdas.2020052512/INPUT
+ [[ ! -d /scratch2/BMC/gsd-fv3-dev/MAPP_2018/bhuang/JEDI-2020/JEDI-FV3/expRuns/UFS-Aerosols_RETcyc/CHGRES_GDAS_v15/dr-data/ ]]
+ [[ ! -d /scratch2/BMC/gsd-fv3-dev/MAPP_2018/bhuang/JEDI-2020/JEDI-FV3/expRuns/UFS-Aerosols_RETcyc/CHGRES_GDAS_v15/dr-data//gdas.2020052512/INPUT ]]
+ [[ ! -d /scratch2/BMC/gsd-fv3-dev/MAPP_2018/bhuang/JEDI-2020/JEDI-FV3/expRuns/UFS-Aerosols_RETcyc/CHGRES_GDAS_v15/dr-data//enkfgdas.2020052512/INPUT ]]
+ cd /scratch2/BMC/gsd-fv3-dev/MAPP_2018/bhuang/JEDI-2020/JEDI-FV3/expRuns/UFS-Aerosols_RETcyc/CHGRES_GDAS_v15/dr-data//enkfgdas.2020052512/INPUT
+ TARFILE=/BMC/fim/5year/MAPP_2018/bhuang/BackupGdas/v15//202005/enkfgdas.2020052512.tar
+ rm -rf list1.gdasenkf list2.gdasenkf list3.gdasenkf
+ htar -tvf /BMC/fim/5year/MAPP_2018/bhuang/BackupGdas/v15//202005/enkfgdas.2020052512.tar
[connecting to hpsscore1.fairmont.rdhpcs.noaa.gov/1217]
+ IMEM=01
+ '[' 01 -le 10 ']'
+ IMEM_RPL=51
++ printf %03d 51
+ MEMSTR=mem051
+ grep mem051 list1.gdasenkf
+ IMEM=2
+ '[' 2 -le 10 ']'
+ IMEM_RPL=52
++ printf %03d 52
+ MEMSTR=mem052
+ grep mem052 list1.gdasenkf
+ IMEM=3
+ '[' 3 -le 10 ']'
+ IMEM_RPL=53
++ printf %03d 53
+ MEMSTR=mem053
+ grep mem053 list1.gdasenkf
+ IMEM=4
+ '[' 4 -le 10 ']'
+ IMEM_RPL=54
++ printf %03d 54
+ MEMSTR=mem054
+ grep mem054 list1.gdasenkf
+ IMEM=5
+ '[' 5 -le 10 ']'
+ IMEM_RPL=55
++ printf %03d 55
+ MEMSTR=mem055
+ grep mem055 list1.gdasenkf
+ IMEM=6
+ '[' 6 -le 10 ']'
+ IMEM_RPL=56
++ printf %03d 56
+ MEMSTR=mem056
+ grep mem056 list1.gdasenkf
+ IMEM=7
+ '[' 7 -le 10 ']'
+ IMEM_RPL=57
++ printf %03d 57
+ MEMSTR=mem057
+ grep mem057 list1.gdasenkf
+ IMEM=8
+ '[' 8 -le 10 ']'
+ IMEM_RPL=58
++ printf %03d 58
+ MEMSTR=mem058
+ grep mem058 list1.gdasenkf
+ IMEM=9
+ '[' 9 -le 10 ']'
+ IMEM_RPL=59
++ printf %03d 59
+ MEMSTR=mem059
+ grep mem059 list1.gdasenkf
+ IMEM=10
+ '[' 10 -le 10 ']'
+ IMEM_RPL=60
++ printf %03d 60
+ MEMSTR=mem060
+ grep mem060 list1.gdasenkf
+ IMEM=11
+ '[' 11 -le 10 ']'
+ read -r line
+ echo mem051/
+ read -r line
+ echo mem051/RESTART/
+ read -r line
+ echo mem051/RESTART/20200525.120000.sfcanl_data.tile1.nc
+ read -r line
+ echo mem051/RESTART/20200525.120000.sfcanl_data.tile2.nc
+ read -r line
+ echo mem051/RESTART/20200525.120000.sfcanl_data.tile3.nc
+ read -r line
+ echo mem051/RESTART/20200525.120000.sfcanl_data.tile4.nc
+ read -r line
+ echo mem051/RESTART/20200525.120000.sfcanl_data.tile5.nc
+ read -r line
+ echo mem051/RESTART/20200525.120000.sfcanl_data.tile6.nc
+ read -r line
+ echo mem051/gdas.t12z.ratmanl.nemsio
+ read -r line
+ echo mem052/
+ read -r line
+ echo mem052/RESTART/
+ read -r line
+ echo mem052/RESTART/20200525.120000.sfcanl_data.tile1.nc
+ read -r line
+ echo mem052/RESTART/20200525.120000.sfcanl_data.tile2.nc
+ read -r line
+ echo mem052/RESTART/20200525.120000.sfcanl_data.tile3.nc
+ read -r line
+ echo mem052/RESTART/20200525.120000.sfcanl_data.tile4.nc
+ read -r line
+ echo mem052/RESTART/20200525.120000.sfcanl_data.tile5.nc
+ read -r line
+ echo mem052/RESTART/20200525.120000.sfcanl_data.tile6.nc
+ read -r line
+ echo mem052/gdas.t12z.ratmanl.nemsio
+ read -r line
+ echo mem053/
+ read -r line
+ echo mem053/RESTART/
+ read -r line
+ echo mem053/RESTART/20200525.120000.sfcanl_data.tile1.nc
+ read -r line
+ echo mem053/RESTART/20200525.120000.sfcanl_data.tile2.nc
+ read -r line
+ echo mem053/RESTART/20200525.120000.sfcanl_data.tile3.nc
+ read -r line
+ echo mem053/RESTART/20200525.120000.sfcanl_data.tile4.nc
+ read -r line
+ echo mem053/RESTART/20200525.120000.sfcanl_data.tile5.nc
+ read -r line
+ echo mem053/RESTART/20200525.120000.sfcanl_data.tile6.nc
+ read -r line
+ echo mem053/gdas.t12z.ratmanl.nemsio
+ read -r line
+ echo mem054/
+ read -r line
+ echo mem054/RESTART/
+ read -r line
+ echo mem054/RESTART/20200525.120000.sfcanl_data.tile1.nc
+ read -r line
+ echo mem054/RESTART/20200525.120000.sfcanl_data.tile2.nc
+ read -r line
+ echo mem054/RESTART/20200525.120000.sfcanl_data.tile3.nc
+ read -r line
+ echo mem054/RESTART/20200525.120000.sfcanl_data.tile4.nc
+ read -r line
+ echo mem054/RESTART/20200525.120000.sfcanl_data.tile5.nc
+ read -r line
+ echo mem054/RESTART/20200525.120000.sfcanl_data.tile6.nc
+ read -r line
+ echo mem054/gdas.t12z.ratmanl.nemsio
+ read -r line
+ echo mem055/
+ read -r line
+ echo mem055/RESTART/
+ read -r line
+ echo mem055/RESTART/20200525.120000.sfcanl_data.tile1.nc
+ read -r line
+ echo mem055/RESTART/20200525.120000.sfcanl_data.tile2.nc
+ read -r line
+ echo mem055/RESTART/20200525.120000.sfcanl_data.tile3.nc
+ read -r line
+ echo mem055/RESTART/20200525.120000.sfcanl_data.tile4.nc
+ read -r line
+ echo mem055/RESTART/20200525.120000.sfcanl_data.tile5.nc
+ read -r line
+ echo mem055/RESTART/20200525.120000.sfcanl_data.tile6.nc
+ read -r line
+ echo mem055/gdas.t12z.ratmanl.nemsio
+ read -r line
+ echo mem056/
+ read -r line
+ echo mem056/RESTART/
+ read -r line
+ echo mem056/RESTART/20200525.120000.sfcanl_data.tile1.nc
+ read -r line
+ echo mem056/RESTART/20200525.120000.sfcanl_data.tile2.nc
+ read -r line
+ echo mem056/RESTART/20200525.120000.sfcanl_data.tile3.nc
+ read -r line
+ echo mem056/RESTART/20200525.120000.sfcanl_data.tile4.nc
+ read -r line
+ echo mem056/RESTART/20200525.120000.sfcanl_data.tile5.nc
+ read -r line
+ echo mem056/RESTART/20200525.120000.sfcanl_data.tile6.nc
+ read -r line
+ echo mem056/gdas.t12z.ratmanl.nemsio
+ read -r line
+ echo mem057/
+ read -r line
+ echo mem057/RESTART/
+ read -r line
+ echo mem057/RESTART/20200525.120000.sfcanl_data.tile1.nc
+ read -r line
+ echo mem057/RESTART/20200525.120000.sfcanl_data.tile2.nc
+ read -r line
+ echo mem057/RESTART/20200525.120000.sfcanl_data.tile3.nc
+ read -r line
+ echo mem057/RESTART/20200525.120000.sfcanl_data.tile4.nc
+ read -r line
+ echo mem057/RESTART/20200525.120000.sfcanl_data.tile5.nc
+ read -r line
+ echo mem057/RESTART/20200525.120000.sfcanl_data.tile6.nc
+ read -r line
+ echo mem057/gdas.t12z.ratmanl.nemsio
+ read -r line
+ echo mem058/
+ read -r line
+ echo mem058/RESTART/
+ read -r line
+ echo mem058/RESTART/20200525.120000.sfcanl_data.tile1.nc
+ read -r line
+ echo mem058/RESTART/20200525.120000.sfcanl_data.tile2.nc
+ read -r line
+ echo mem058/RESTART/20200525.120000.sfcanl_data.tile3.nc
+ read -r line
+ echo mem058/RESTART/20200525.120000.sfcanl_data.tile4.nc
+ read -r line
+ echo mem058/RESTART/20200525.120000.sfcanl_data.tile5.nc
+ read -r line
+ echo mem058/RESTART/20200525.120000.sfcanl_data.tile6.nc
+ read -r line
+ echo mem058/gdas.t12z.ratmanl.nemsio
+ read -r line
+ echo mem059/
+ read -r line
+ echo mem059/RESTART/
+ read -r line
+ echo mem059/RESTART/20200525.120000.sfcanl_data.tile1.nc
+ read -r line
+ echo mem059/RESTART/20200525.120000.sfcanl_data.tile2.nc
+ read -r line
+ echo mem059/RESTART/20200525.120000.sfcanl_data.tile3.nc
+ read -r line
+ echo mem059/RESTART/20200525.120000.sfcanl_data.tile4.nc
+ read -r line
+ echo mem059/RESTART/20200525.120000.sfcanl_data.tile5.nc
+ read -r line
+ echo mem059/RESTART/20200525.120000.sfcanl_data.tile6.nc
+ read -r line
+ echo mem059/gdas.t12z.ratmanl.nemsio
+ read -r line
+ echo mem060/
+ read -r line
+ echo mem060/RESTART/
+ read -r line
+ echo mem060/RESTART/20200525.120000.sfcanl_data.tile1.nc
+ read -r line
+ echo mem060/RESTART/20200525.120000.sfcanl_data.tile2.nc
+ read -r line
+ echo mem060/RESTART/20200525.120000.sfcanl_data.tile3.nc
+ read -r line
+ echo mem060/RESTART/20200525.120000.sfcanl_data.tile4.nc
+ read -r line
+ echo mem060/RESTART/20200525.120000.sfcanl_data.tile5.nc
+ read -r line
+ echo mem060/RESTART/20200525.120000.sfcanl_data.tile6.nc
+ read -r line
+ echo mem060/gdas.t12z.ratmanl.nemsio
+ read -r line
+ ERR=0
+ [[ 0 -ne 0 ]]
+ IMEM=01
+ '[' 01 -le 10 ']'
++ printf %03d 01
+ MEMSTR=mem001
+ IMEM_RPL=51
++ printf %03d 51
+ MEMSTR_RPL=mem051
+ echo 'mem051 mem001'
mem051 mem001
+ /bin/rm -rf mem001
+ /bin/mv -f mem051 mem001
+ IMEM=2
+ '[' 2 -le 10 ']'
++ printf %03d 2
+ MEMSTR=mem002
+ IMEM_RPL=52
++ printf %03d 52
+ MEMSTR_RPL=mem052
+ echo 'mem052 mem002'
mem052 mem002
+ /bin/rm -rf mem002
+ /bin/mv -f mem052 mem002
+ IMEM=3
+ '[' 3 -le 10 ']'
++ printf %03d 3
+ MEMSTR=mem003
+ IMEM_RPL=53
++ printf %03d 53
+ MEMSTR_RPL=mem053
+ echo 'mem053 mem003'
mem053 mem003
+ /bin/rm -rf mem003
+ /bin/mv -f mem053 mem003
+ IMEM=4
+ '[' 4 -le 10 ']'
++ printf %03d 4
+ MEMSTR=mem004
+ IMEM_RPL=54
++ printf %03d 54
+ MEMSTR_RPL=mem054
+ echo 'mem054 mem004'
mem054 mem004
+ /bin/rm -rf mem004
+ /bin/mv -f mem054 mem004
+ IMEM=5
+ '[' 5 -le 10 ']'
++ printf %03d 5
+ MEMSTR=mem005
+ IMEM_RPL=55
++ printf %03d 55
+ MEMSTR_RPL=mem055
+ echo 'mem055 mem005'
mem055 mem005
+ /bin/rm -rf mem005
+ /bin/mv -f mem055 mem005
+ IMEM=6
+ '[' 6 -le 10 ']'
++ printf %03d 6
+ MEMSTR=mem006
+ IMEM_RPL=56
++ printf %03d 56
+ MEMSTR_RPL=mem056
+ echo 'mem056 mem006'
mem056 mem006
+ /bin/rm -rf mem006
+ /bin/mv -f mem056 mem006
+ IMEM=7
+ '[' 7 -le 10 ']'
++ printf %03d 7
+ MEMSTR=mem007
+ IMEM_RPL=57
++ printf %03d 57
+ MEMSTR_RPL=mem057
+ echo 'mem057 mem007'
mem057 mem007
+ /bin/rm -rf mem007
+ /bin/mv -f mem057 mem007
+ IMEM=8
+ '[' 8 -le 10 ']'
++ printf %03d 8
+ MEMSTR=mem008
+ IMEM_RPL=58
++ printf %03d 58
+ MEMSTR_RPL=mem058
+ echo 'mem058 mem008'
mem058 mem008
+ /bin/rm -rf mem008
+ /bin/mv -f mem058 mem008
+ IMEM=9
+ '[' 9 -le 10 ']'
++ printf %03d 9
+ MEMSTR=mem009
+ IMEM_RPL=59
++ printf %03d 59
+ MEMSTR_RPL=mem059
+ echo 'mem059 mem009'
mem059 mem009
+ /bin/rm -rf mem009
+ /bin/mv -f mem059 mem009
+ IMEM=10
+ '[' 10 -le 10 ']'
++ printf %03d 10
+ MEMSTR=mem010
+ IMEM_RPL=60
++ printf %03d 60
+ MEMSTR_RPL=mem060
+ echo 'mem060 mem010'
mem060 mem010
+ /bin/rm -rf mem010
+ /bin/mv -f mem060 mem010
+ IMEM=11
+ '[' 11 -le 10 ']'
+ exit 0
_______________________________________________________________
Start Epilog on node hfe06 for job 50580504 :: Fri Oct 13 16:08:33 UTC 2023
Job 50580504 (serial) finished for user Bo.Huang in partition service with exit code 0:0
_______________________________________________________________
End Epilogue Fri Oct 13 16:08:33 UTC 2023
+ export GFSVER=v15
+ GFSVER=v15
+ export HOMEgfs=/home/Bo.Huang/JEDI-2020/UFS-Aerosols_NRTcyc/UFS-Aerosols_JEDI-AeroDA-1C192-20C192_NRT
+ HOMEgfs=/home/Bo.Huang/JEDI-2020/UFS-Aerosols_NRTcyc/UFS-Aerosols_JEDI-AeroDA-1C192-20C192_NRT
+ export ROTDIR=/scratch2/BMC/gsd-fv3-dev/MAPP_2018/bhuang/JEDI-2020/JEDI-FV3/expRuns/UFS-Aerosols_RETcyc/CHGRES_GDAS_v15/dr-data
+ ROTDIR=/scratch2/BMC/gsd-fv3-dev/MAPP_2018/bhuang/JEDI-2020/JEDI-FV3/expRuns/UFS-Aerosols_RETcyc/CHGRES_GDAS_v15/dr-data
+ export GDASHPSSDIR=/BMC/fim/5year/MAPP_2018/bhuang/BackupGdas/v15/
+ GDASHPSSDIR=/BMC/fim/5year/MAPP_2018/bhuang/BackupGdas/v15/
+ export CDATE=2020052518
+ CDATE=2020052518
+ export NMEMSORG=80
+ NMEMSORG=80
+ export NMEMSPROST=11
+ NMEMSPROST=11
+ export NMEMSPROED=20
+ NMEMSPROED=20
+ export SHIFTMEM=+50
+ SHIFTMEM=+50
+ CYMD=20200525
+ CY=2020
+ CM=05
+ CD=25
+ CH=18
+ NCP='/bin/cp -r'
+ NMV='/bin/mv -f'
+ NRM='/bin/rm -rf'
+ NLN='/bin/ln -sf'
+ GDASDIR=/scratch2/BMC/gsd-fv3-dev/MAPP_2018/bhuang/JEDI-2020/JEDI-FV3/expRuns/UFS-Aerosols_RETcyc/CHGRES_GDAS_v15/dr-data/
+ GDASCNTLIN=/scratch2/BMC/gsd-fv3-dev/MAPP_2018/bhuang/JEDI-2020/JEDI-FV3/expRuns/UFS-Aerosols_RETcyc/CHGRES_GDAS_v15/dr-data//gdas.2020052518/INPUT
+ GDASENKFIN=/scratch2/BMC/gsd-fv3-dev/MAPP_2018/bhuang/JEDI-2020/JEDI-FV3/expRuns/UFS-Aerosols_RETcyc/CHGRES_GDAS_v15/dr-data//enkfgdas.2020052518/INPUT
+ [[ ! -d /scratch2/BMC/gsd-fv3-dev/MAPP_2018/bhuang/JEDI-2020/JEDI-FV3/expRuns/UFS-Aerosols_RETcyc/CHGRES_GDAS_v15/dr-data/ ]]
+ [[ ! -d /scratch2/BMC/gsd-fv3-dev/MAPP_2018/bhuang/JEDI-2020/JEDI-FV3/expRuns/UFS-Aerosols_RETcyc/CHGRES_GDAS_v15/dr-data//gdas.2020052518/INPUT ]]
+ [[ ! -d /scratch2/BMC/gsd-fv3-dev/MAPP_2018/bhuang/JEDI-2020/JEDI-FV3/expRuns/UFS-Aerosols_RETcyc/CHGRES_GDAS_v15/dr-data//enkfgdas.2020052518/INPUT ]]
+ cd /scratch2/BMC/gsd-fv3-dev/MAPP_2018/bhuang/JEDI-2020/JEDI-FV3/expRuns/UFS-Aerosols_RETcyc/CHGRES_GDAS_v15/dr-data//enkfgdas.2020052518/INPUT
+ TARFILE=/BMC/fim/5year/MAPP_2018/bhuang/BackupGdas/v15//202005/enkfgdas.2020052518.tar
+ rm -rf list1.gdasenkf list2.gdasenkf list3.gdasenkf
+ htar -tvf /BMC/fim/5year/MAPP_2018/bhuang/BackupGdas/v15//202005/enkfgdas.2020052518.tar
[connecting to hpsscore1.fairmont.rdhpcs.noaa.gov/1217]
+ IMEM=11
+ '[' 11 -le 20 ']'
+ IMEM_RPL=61
++ printf %03d 61
+ MEMSTR=mem061
+ grep mem061 list1.gdasenkf
+ IMEM=12
+ '[' 12 -le 20 ']'
+ IMEM_RPL=62
++ printf %03d 62
+ MEMSTR=mem062
+ grep mem062 list1.gdasenkf
+ IMEM=13
+ '[' 13 -le 20 ']'
+ IMEM_RPL=63
++ printf %03d 63
+ MEMSTR=mem063
+ grep mem063 list1.gdasenkf
+ IMEM=14
+ '[' 14 -le 20 ']'
+ IMEM_RPL=64
++ printf %03d 64
+ MEMSTR=mem064
+ grep mem064 list1.gdasenkf
+ IMEM=15
+ '[' 15 -le 20 ']'
+ IMEM_RPL=65
++ printf %03d 65
+ MEMSTR=mem065
+ grep mem065 list1.gdasenkf
+ IMEM=16
+ '[' 16 -le 20 ']'
+ IMEM_RPL=66
++ printf %03d 66
+ MEMSTR=mem066
+ grep mem066 list1.gdasenkf
+ IMEM=17
+ '[' 17 -le 20 ']'
+ IMEM_RPL=67
++ printf %03d 67
+ MEMSTR=mem067
+ grep mem067 list1.gdasenkf
+ IMEM=18
+ '[' 18 -le 20 ']'
+ IMEM_RPL=68
++ printf %03d 68
+ MEMSTR=mem068
+ grep mem068 list1.gdasenkf
+ IMEM=19
+ '[' 19 -le 20 ']'
+ IMEM_RPL=69
++ printf %03d 69
+ MEMSTR=mem069
+ grep mem069 list1.gdasenkf
+ IMEM=20
+ '[' 20 -le 20 ']'
+ IMEM_RPL=70
++ printf %03d 70
+ MEMSTR=mem070
+ grep mem070 list1.gdasenkf
+ IMEM=21
+ '[' 21 -le 20 ']'
+ read -r line
+ echo mem061/
+ read -r line
+ echo mem061/RESTART/
+ read -r line
+ echo mem061/RESTART/20200525.180000.sfcanl_data.tile1.nc
+ read -r line
+ echo mem061/RESTART/20200525.180000.sfcanl_data.tile2.nc
+ read -r line
+ echo mem061/RESTART/20200525.180000.sfcanl_data.tile3.nc
+ read -r line
+ echo mem061/RESTART/20200525.180000.sfcanl_data.tile4.nc
+ read -r line
+ echo mem061/RESTART/20200525.180000.sfcanl_data.tile5.nc
+ read -r line
+ echo mem061/RESTART/20200525.180000.sfcanl_data.tile6.nc
+ read -r line
+ echo mem061/gdas.t18z.ratmanl.nemsio
+ read -r line
+ echo mem062/
+ read -r line
+ echo mem062/RESTART/
+ read -r line
+ echo mem062/RESTART/20200525.180000.sfcanl_data.tile1.nc
+ read -r line
+ echo mem062/RESTART/20200525.180000.sfcanl_data.tile2.nc
+ read -r line
+ echo mem062/RESTART/20200525.180000.sfcanl_data.tile3.nc
+ read -r line
+ echo mem062/RESTART/20200525.180000.sfcanl_data.tile4.nc
+ read -r line
+ echo mem062/RESTART/20200525.180000.sfcanl_data.tile5.nc
+ read -r line
+ echo mem062/RESTART/20200525.180000.sfcanl_data.tile6.nc
+ read -r line
+ echo mem062/gdas.t18z.ratmanl.nemsio
+ read -r line
+ echo mem063/
+ read -r line
+ echo mem063/RESTART/
+ read -r line
+ echo mem063/RESTART/20200525.180000.sfcanl_data.tile1.nc
+ read -r line
+ echo mem063/RESTART/20200525.180000.sfcanl_data.tile2.nc
+ read -r line
+ echo mem063/RESTART/20200525.180000.sfcanl_data.tile3.nc
+ read -r line
+ echo mem063/RESTART/20200525.180000.sfcanl_data.tile4.nc
+ read -r line
+ echo mem063/RESTART/20200525.180000.sfcanl_data.tile5.nc
+ read -r line
+ echo mem063/RESTART/20200525.180000.sfcanl_data.tile6.nc
+ read -r line
+ echo mem063/gdas.t18z.ratmanl.nemsio
+ read -r line
+ echo mem064/
+ read -r line
+ echo mem064/RESTART/
+ read -r line
+ echo mem064/RESTART/20200525.180000.sfcanl_data.tile1.nc
+ read -r line
+ echo mem064/RESTART/20200525.180000.sfcanl_data.tile2.nc
+ read -r line
+ echo mem064/RESTART/20200525.180000.sfcanl_data.tile3.nc
+ read -r line
+ echo mem064/RESTART/20200525.180000.sfcanl_data.tile4.nc
+ read -r line
+ echo mem064/RESTART/20200525.180000.sfcanl_data.tile5.nc
+ read -r line
+ echo mem064/RESTART/20200525.180000.sfcanl_data.tile6.nc
+ read -r line
+ echo mem064/gdas.t18z.ratmanl.nemsio
+ read -r line
+ echo mem065/
+ read -r line
+ echo mem065/RESTART/
+ read -r line
+ echo mem065/RESTART/20200525.180000.sfcanl_data.tile1.nc
+ read -r line
+ echo mem065/RESTART/20200525.180000.sfcanl_data.tile2.nc
+ read -r line
+ echo mem065/RESTART/20200525.180000.sfcanl_data.tile3.nc
+ read -r line
+ echo mem065/RESTART/20200525.180000.sfcanl_data.tile4.nc
+ read -r line
+ echo mem065/RESTART/20200525.180000.sfcanl_data.tile5.nc
+ read -r line
+ echo mem065/RESTART/20200525.180000.sfcanl_data.tile6.nc
+ read -r line
+ echo mem065/gdas.t18z.ratmanl.nemsio
+ read -r line
+ echo mem066/
+ read -r line
+ echo mem066/RESTART/
+ read -r line
+ echo mem066/RESTART/20200525.180000.sfcanl_data.tile1.nc
+ read -r line
+ echo mem066/RESTART/20200525.180000.sfcanl_data.tile2.nc
+ read -r line
+ echo mem066/RESTART/20200525.180000.sfcanl_data.tile3.nc
+ read -r line
+ echo mem066/RESTART/20200525.180000.sfcanl_data.tile4.nc
+ read -r line
+ echo mem066/RESTART/20200525.180000.sfcanl_data.tile5.nc
+ read -r line
+ echo mem066/RESTART/20200525.180000.sfcanl_data.tile6.nc
+ read -r line
+ echo mem066/gdas.t18z.ratmanl.nemsio
+ read -r line
+ echo mem067/
+ read -r line
+ echo mem067/RESTART/
+ read -r line
+ echo mem067/RESTART/20200525.180000.sfcanl_data.tile1.nc
+ read -r line
+ echo mem067/RESTART/20200525.180000.sfcanl_data.tile2.nc
+ read -r line
+ echo mem067/RESTART/20200525.180000.sfcanl_data.tile3.nc
+ read -r line
+ echo mem067/RESTART/20200525.180000.sfcanl_data.tile4.nc
+ read -r line
+ echo mem067/RESTART/20200525.180000.sfcanl_data.tile5.nc
+ read -r line
+ echo mem067/RESTART/20200525.180000.sfcanl_data.tile6.nc
+ read -r line
+ echo mem067/gdas.t18z.ratmanl.nemsio
+ read -r line
+ echo mem068/
+ read -r line
+ echo mem068/RESTART/
+ read -r line
+ echo mem068/RESTART/20200525.180000.sfcanl_data.tile1.nc
+ read -r line
+ echo mem068/RESTART/20200525.180000.sfcanl_data.tile2.nc
+ read -r line
+ echo mem068/RESTART/20200525.180000.sfcanl_data.tile3.nc
+ read -r line
+ echo mem068/RESTART/20200525.180000.sfcanl_data.tile4.nc
+ read -r line
+ echo mem068/RESTART/20200525.180000.sfcanl_data.tile5.nc
+ read -r line
+ echo mem068/RESTART/20200525.180000.sfcanl_data.tile6.nc
+ read -r line
+ echo mem068/gdas.t18z.ratmanl.nemsio
+ read -r line
+ echo mem069/
+ read -r line
+ echo mem069/RESTART/
+ read -r line
+ echo mem069/RESTART/20200525.180000.sfcanl_data.tile1.nc
+ read -r line
+ echo mem069/RESTART/20200525.180000.sfcanl_data.tile2.nc
+ read -r line
+ echo mem069/RESTART/20200525.180000.sfcanl_data.tile3.nc
+ read -r line
+ echo mem069/RESTART/20200525.180000.sfcanl_data.tile4.nc
+ read -r line
+ echo mem069/RESTART/20200525.180000.sfcanl_data.tile5.nc
+ read -r line
+ echo mem069/RESTART/20200525.180000.sfcanl_data.tile6.nc
+ read -r line
+ echo mem069/gdas.t18z.ratmanl.nemsio
+ read -r line
+ echo mem070/
+ read -r line
+ echo mem070/RESTART/
+ read -r line
+ echo mem070/RESTART/20200525.180000.sfcanl_data.tile1.nc
+ read -r line
+ echo mem070/RESTART/20200525.180000.sfcanl_data.tile2.nc
+ read -r line
+ echo mem070/RESTART/20200525.180000.sfcanl_data.tile3.nc
+ read -r line
+ echo mem070/RESTART/20200525.180000.sfcanl_data.tile4.nc
+ read -r line
+ echo mem070/RESTART/20200525.180000.sfcanl_data.tile5.nc
+ read -r line
+ echo mem070/RESTART/20200525.180000.sfcanl_data.tile6.nc
+ read -r line
+ echo mem070/gdas.t18z.ratmanl.nemsio
+ read -r line
+ ERR=0
+ [[ 0 -ne 0 ]]
+ IMEM=11
+ '[' 11 -le 20 ']'
++ printf %03d 11
+ MEMSTR=mem011
+ IMEM_RPL=61
++ printf %03d 61
+ MEMSTR_RPL=mem061
+ echo 'mem061 mem011'
mem061 mem011
+ /bin/rm -rf mem011
+ /bin/mv -f mem061 mem011
/bin/mv: cannot stat mem061: No such file or directory
+ IMEM=12
+ '[' 12 -le 20 ']'
++ printf %03d 12
+ MEMSTR=mem012
+ IMEM_RPL=62
++ printf %03d 62
+ MEMSTR_RPL=mem062
+ echo 'mem062 mem012'
mem062 mem012
+ /bin/rm -rf mem012
+ /bin/mv -f mem062 mem012
/bin/mv: cannot stat mem062: No such file or directory
+ IMEM=13
+ '[' 13 -le 20 ']'
++ printf %03d 13
+ MEMSTR=mem013
+ IMEM_RPL=63
++ printf %03d 63
+ MEMSTR_RPL=mem063
+ echo 'mem063 mem013'
mem063 mem013
+ /bin/rm -rf mem013
+ /bin/mv -f mem063 mem013
/bin/mv: cannot stat mem063: No such file or directory
+ IMEM=14
+ '[' 14 -le 20 ']'
++ printf %03d 14
+ MEMSTR=mem014
+ IMEM_RPL=64
++ printf %03d 64
+ MEMSTR_RPL=mem064
+ echo 'mem064 mem014'
mem064 mem014
+ /bin/rm -rf mem014
+ /bin/mv -f mem064 mem014
/bin/mv: cannot stat mem064: No such file or directory
+ IMEM=15
+ '[' 15 -le 20 ']'
++ printf %03d 15
+ MEMSTR=mem015
+ IMEM_RPL=65
++ printf %03d 65
+ MEMSTR_RPL=mem065
+ echo 'mem065 mem015'
mem065 mem015
+ /bin/rm -rf mem015
+ /bin/mv -f mem065 mem015
/bin/mv: cannot stat mem065: No such file or directory
+ IMEM=16
+ '[' 16 -le 20 ']'
++ printf %03d 16
+ MEMSTR=mem016
+ IMEM_RPL=66
++ printf %03d 66
+ MEMSTR_RPL=mem066
+ echo 'mem066 mem016'
mem066 mem016
+ /bin/rm -rf mem016
+ /bin/mv -f mem066 mem016
/bin/mv: cannot stat mem066: No such file or directory
+ IMEM=17
+ '[' 17 -le 20 ']'
++ printf %03d 17
+ MEMSTR=mem017
+ IMEM_RPL=67
++ printf %03d 67
+ MEMSTR_RPL=mem067
+ echo 'mem067 mem017'
mem067 mem017
+ /bin/rm -rf mem017
+ /bin/mv -f mem067 mem017
/bin/mv: cannot stat mem067: No such file or directory
+ IMEM=18
+ '[' 18 -le 20 ']'
++ printf %03d 18
+ MEMSTR=mem018
+ IMEM_RPL=68
++ printf %03d 68
+ MEMSTR_RPL=mem068
+ echo 'mem068 mem018'
mem068 mem018
+ /bin/rm -rf mem018
+ /bin/mv -f mem068 mem018
/bin/mv: cannot stat mem068: No such file or directory
+ IMEM=19
+ '[' 19 -le 20 ']'
++ printf %03d 19
+ MEMSTR=mem019
+ IMEM_RPL=69
++ printf %03d 69
+ MEMSTR_RPL=mem069
+ echo 'mem069 mem019'
mem069 mem019
+ /bin/rm -rf mem019
+ /bin/mv -f mem069 mem019
/bin/mv: cannot stat mem069: No such file or directory
+ IMEM=20
+ '[' 20 -le 20 ']'
++ printf %03d 20
+ MEMSTR=mem020
+ IMEM_RPL=70
++ printf %03d 70
+ MEMSTR_RPL=mem070
+ echo 'mem070 mem020'
mem070 mem020
+ /bin/rm -rf mem020
+ /bin/mv -f mem070 mem020
/bin/mv: cannot stat mem070: No such file or directory
+ IMEM=21
+ '[' 21 -le 20 ']'
+ exit 0
_______________________________________________________________
Start Epilog on node hfe04 for job 50581303 :: Fri Oct 13 16:26:35 UTC 2023
Job 50581303 (serial) finished for user Bo.Huang in partition service with exit code 0:0
_______________________________________________________________
End Epilogue Fri Oct 13 16:26:35 UTC 2023
+ export GFSVER=v15
+ GFSVER=v15
+ export HOMEgfs=/home/Bo.Huang/JEDI-2020/UFS-Aerosols_NRTcyc/UFS-Aerosols_JEDI-AeroDA-1C192-20C192_NRT
+ HOMEgfs=/home/Bo.Huang/JEDI-2020/UFS-Aerosols_NRTcyc/UFS-Aerosols_JEDI-AeroDA-1C192-20C192_NRT
+ export ROTDIR=/scratch2/BMC/gsd-fv3-dev/MAPP_2018/bhuang/JEDI-2020/JEDI-FV3/expRuns/UFS-Aerosols_RETcyc/CHGRES_GDAS_v15/dr-data
+ ROTDIR=/scratch2/BMC/gsd-fv3-dev/MAPP_2018/bhuang/JEDI-2020/JEDI-FV3/expRuns/UFS-Aerosols_RETcyc/CHGRES_GDAS_v15/dr-data
+ export GDASHPSSDIR=/BMC/fim/5year/MAPP_2018/bhuang/BackupGdas/v15/
+ GDASHPSSDIR=/BMC/fim/5year/MAPP_2018/bhuang/BackupGdas/v15/
+ export CDATE=2020052518
+ CDATE=2020052518
+ export NMEMSORG=80
+ NMEMSORG=80
+ export NMEMSPROST=11
+ NMEMSPROST=11
+ export NMEMSPROED=20
+ NMEMSPROED=20
+ export SHIFTMEM=+50
+ SHIFTMEM=+50
+ CYMD=20200525
+ CY=2020
+ CM=05
+ CD=25
+ CH=18
+ NCP='/bin/cp -r'
+ NMV='/bin/mv -f'
+ NRM='/bin/rm -rf'
+ NLN='/bin/ln -sf'
+ GDASDIR=/scratch2/BMC/gsd-fv3-dev/MAPP_2018/bhuang/JEDI-2020/JEDI-FV3/expRuns/UFS-Aerosols_RETcyc/CHGRES_GDAS_v15/dr-data/
+ GDASCNTLIN=/scratch2/BMC/gsd-fv3-dev/MAPP_2018/bhuang/JEDI-2020/JEDI-FV3/expRuns/UFS-Aerosols_RETcyc/CHGRES_GDAS_v15/dr-data//gdas.2020052518/INPUT
+ GDASENKFIN=/scratch2/BMC/gsd-fv3-dev/MAPP_2018/bhuang/JEDI-2020/JEDI-FV3/expRuns/UFS-Aerosols_RETcyc/CHGRES_GDAS_v15/dr-data//enkfgdas.2020052518/INPUT
+ [[ ! -d /scratch2/BMC/gsd-fv3-dev/MAPP_2018/bhuang/JEDI-2020/JEDI-FV3/expRuns/UFS-Aerosols_RETcyc/CHGRES_GDAS_v15/dr-data/ ]]
+ [[ ! -d /scratch2/BMC/gsd-fv3-dev/MAPP_2018/bhuang/JEDI-2020/JEDI-FV3/expRuns/UFS-Aerosols_RETcyc/CHGRES_GDAS_v15/dr-data//gdas.2020052518/INPUT ]]
+ [[ ! -d /scratch2/BMC/gsd-fv3-dev/MAPP_2018/bhuang/JEDI-2020/JEDI-FV3/expRuns/UFS-Aerosols_RETcyc/CHGRES_GDAS_v15/dr-data//enkfgdas.2020052518/INPUT ]]
+ cd /scratch2/BMC/gsd-fv3-dev/MAPP_2018/bhuang/JEDI-2020/JEDI-FV3/expRuns/UFS-Aerosols_RETcyc/CHGRES_GDAS_v15/dr-data//gdas.2020052518/INPUT
+ TARFILE=/BMC/fim/5year/MAPP_2018/bhuang/BackupGdas/v15//202005/gdas.2020052518.tar
+ htar -xvf /BMC/fim/5year/MAPP_2018/bhuang/BackupGdas/v15//202005/gdas.2020052518.tar
[connecting to hpsscore1.fairmont.rdhpcs.noaa.gov/1217]
ERROR: [FATAL] no such HPSS archive file: /BMC/fim/5year/MAPP_2018/bhuang/BackupGdas/v15//202005/gdas.2020052518.tar
HTAR: HTAR FAILED
###WARNING  htar returned non-zero exit status.
            72 = /apps/hpss/bin/htar -xvf /BMC/fim/5year/MAPP_2018/bhuang/BackupGdas/v15//202005/gdas.2020052518.tar
+ cd /scratch2/BMC/gsd-fv3-dev/MAPP_2018/bhuang/JEDI-2020/JEDI-FV3/expRuns/UFS-Aerosols_RETcyc/CHGRES_GDAS_v15/dr-data//enkfgdas.2020052518/INPUT
+ TARFILE=/BMC/fim/5year/MAPP_2018/bhuang/BackupGdas/v15//202005/enkfgdas.2020052518.tar
+ rm -rf list1.gdasenkf list2.gdasenkf list3.gdasenkf
+ htar -tvf /BMC/fim/5year/MAPP_2018/bhuang/BackupGdas/v15//202005/enkfgdas.2020052518.tar
[connecting to hpsscore1.fairmont.rdhpcs.noaa.gov/1217]
+ IMEM=11
+ '[' 11 -le 20 ']'
+ IMEM_RPL=61
++ printf %03d 61
+ MEMSTR=mem061
+ grep mem061 list1.gdasenkf
+ IMEM=12
+ '[' 12 -le 20 ']'
+ IMEM_RPL=62
++ printf %03d 62
+ MEMSTR=mem062
+ grep mem062 list1.gdasenkf
+ IMEM=13
+ '[' 13 -le 20 ']'
+ IMEM_RPL=63
++ printf %03d 63
+ MEMSTR=mem063
+ grep mem063 list1.gdasenkf
+ IMEM=14
+ '[' 14 -le 20 ']'
+ IMEM_RPL=64
++ printf %03d 64
+ MEMSTR=mem064
+ grep mem064 list1.gdasenkf
+ IMEM=15
+ '[' 15 -le 20 ']'
+ IMEM_RPL=65
++ printf %03d 65
+ MEMSTR=mem065
+ grep mem065 list1.gdasenkf
+ IMEM=16
+ '[' 16 -le 20 ']'
+ IMEM_RPL=66
++ printf %03d 66
+ MEMSTR=mem066
+ grep mem066 list1.gdasenkf
+ IMEM=17
+ '[' 17 -le 20 ']'
+ IMEM_RPL=67
++ printf %03d 67
+ MEMSTR=mem067
+ grep mem067 list1.gdasenkf
+ IMEM=18
+ '[' 18 -le 20 ']'
+ IMEM_RPL=68
++ printf %03d 68
+ MEMSTR=mem068
+ grep mem068 list1.gdasenkf
+ IMEM=19
+ '[' 19 -le 20 ']'
+ IMEM_RPL=69
++ printf %03d 69
+ MEMSTR=mem069
+ grep mem069 list1.gdasenkf
+ IMEM=20
+ '[' 20 -le 20 ']'
+ IMEM_RPL=70
++ printf %03d 70
+ MEMSTR=mem070
+ grep mem070 list1.gdasenkf
+ IMEM=21
+ '[' 21 -le 20 ']'
+ read -r line
+ echo mem061/
+ read -r line
+ echo mem061/RESTART/
+ read -r line
+ echo mem061/RESTART/20200525.180000.sfcanl_data.tile1.nc
+ read -r line
+ echo mem061/RESTART/20200525.180000.sfcanl_data.tile2.nc
+ read -r line
+ echo mem061/RESTART/20200525.180000.sfcanl_data.tile3.nc
+ read -r line
+ echo mem061/RESTART/20200525.180000.sfcanl_data.tile4.nc
+ read -r line
+ echo mem061/RESTART/20200525.180000.sfcanl_data.tile5.nc
+ read -r line
+ echo mem061/RESTART/20200525.180000.sfcanl_data.tile6.nc
+ read -r line
+ echo mem061/gdas.t18z.ratmanl.nemsio
+ read -r line
+ echo mem062/
+ read -r line
+ echo mem062/RESTART/
+ read -r line
+ echo mem062/RESTART/20200525.180000.sfcanl_data.tile1.nc
+ read -r line
+ echo mem062/RESTART/20200525.180000.sfcanl_data.tile2.nc
+ read -r line
+ echo mem062/RESTART/20200525.180000.sfcanl_data.tile3.nc
+ read -r line
+ echo mem062/RESTART/20200525.180000.sfcanl_data.tile4.nc
+ read -r line
+ echo mem062/RESTART/20200525.180000.sfcanl_data.tile5.nc
+ read -r line
+ echo mem062/RESTART/20200525.180000.sfcanl_data.tile6.nc
+ read -r line
+ echo mem062/gdas.t18z.ratmanl.nemsio
+ read -r line
+ echo mem063/
+ read -r line
+ echo mem063/RESTART/
+ read -r line
+ echo mem063/RESTART/20200525.180000.sfcanl_data.tile1.nc
+ read -r line
+ echo mem063/RESTART/20200525.180000.sfcanl_data.tile2.nc
+ read -r line
+ echo mem063/RESTART/20200525.180000.sfcanl_data.tile3.nc
+ read -r line
+ echo mem063/RESTART/20200525.180000.sfcanl_data.tile4.nc
+ read -r line
+ echo mem063/RESTART/20200525.180000.sfcanl_data.tile5.nc
+ read -r line
+ echo mem063/RESTART/20200525.180000.sfcanl_data.tile6.nc
+ read -r line
+ echo mem063/gdas.t18z.ratmanl.nemsio
+ read -r line
+ echo mem064/
+ read -r line
+ echo mem064/RESTART/
+ read -r line
+ echo mem064/RESTART/20200525.180000.sfcanl_data.tile1.nc
+ read -r line
+ echo mem064/RESTART/20200525.180000.sfcanl_data.tile2.nc
+ read -r line
+ echo mem064/RESTART/20200525.180000.sfcanl_data.tile3.nc
+ read -r line
+ echo mem064/RESTART/20200525.180000.sfcanl_data.tile4.nc
+ read -r line
+ echo mem064/RESTART/20200525.180000.sfcanl_data.tile5.nc
+ read -r line
+ echo mem064/RESTART/20200525.180000.sfcanl_data.tile6.nc
+ read -r line
+ echo mem064/gdas.t18z.ratmanl.nemsio
+ read -r line
+ echo mem065/
+ read -r line
+ echo mem065/RESTART/
+ read -r line
+ echo mem065/RESTART/20200525.180000.sfcanl_data.tile1.nc
+ read -r line
+ echo mem065/RESTART/20200525.180000.sfcanl_data.tile2.nc
+ read -r line
+ echo mem065/RESTART/20200525.180000.sfcanl_data.tile3.nc
+ read -r line
+ echo mem065/RESTART/20200525.180000.sfcanl_data.tile4.nc
+ read -r line
+ echo mem065/RESTART/20200525.180000.sfcanl_data.tile5.nc
+ read -r line
+ echo mem065/RESTART/20200525.180000.sfcanl_data.tile6.nc
+ read -r line
+ echo mem065/gdas.t18z.ratmanl.nemsio
+ read -r line
+ echo mem066/
+ read -r line
+ echo mem066/RESTART/
+ read -r line
+ echo mem066/RESTART/20200525.180000.sfcanl_data.tile1.nc
+ read -r line
+ echo mem066/RESTART/20200525.180000.sfcanl_data.tile2.nc
+ read -r line
+ echo mem066/RESTART/20200525.180000.sfcanl_data.tile3.nc
+ read -r line
+ echo mem066/RESTART/20200525.180000.sfcanl_data.tile4.nc
+ read -r line
+ echo mem066/RESTART/20200525.180000.sfcanl_data.tile5.nc
+ read -r line
+ echo mem066/RESTART/20200525.180000.sfcanl_data.tile6.nc
+ read -r line
+ echo mem066/gdas.t18z.ratmanl.nemsio
+ read -r line
+ echo mem067/
+ read -r line
+ echo mem067/RESTART/
+ read -r line
+ echo mem067/RESTART/20200525.180000.sfcanl_data.tile1.nc
+ read -r line
+ echo mem067/RESTART/20200525.180000.sfcanl_data.tile2.nc
+ read -r line
+ echo mem067/RESTART/20200525.180000.sfcanl_data.tile3.nc
+ read -r line
+ echo mem067/RESTART/20200525.180000.sfcanl_data.tile4.nc
+ read -r line
+ echo mem067/RESTART/20200525.180000.sfcanl_data.tile5.nc
+ read -r line
+ echo mem067/RESTART/20200525.180000.sfcanl_data.tile6.nc
+ read -r line
+ echo mem067/gdas.t18z.ratmanl.nemsio
+ read -r line
+ echo mem068/
+ read -r line
+ echo mem068/RESTART/
+ read -r line
+ echo mem068/RESTART/20200525.180000.sfcanl_data.tile1.nc
+ read -r line
+ echo mem068/RESTART/20200525.180000.sfcanl_data.tile2.nc
+ read -r line
+ echo mem068/RESTART/20200525.180000.sfcanl_data.tile3.nc
+ read -r line
+ echo mem068/RESTART/20200525.180000.sfcanl_data.tile4.nc
+ read -r line
+ echo mem068/RESTART/20200525.180000.sfcanl_data.tile5.nc
+ read -r line
+ echo mem068/RESTART/20200525.180000.sfcanl_data.tile6.nc
+ read -r line
+ echo mem068/gdas.t18z.ratmanl.nemsio
+ read -r line
+ echo mem069/
+ read -r line
+ echo mem069/RESTART/
+ read -r line
+ echo mem069/RESTART/20200525.180000.sfcanl_data.tile1.nc
+ read -r line
+ echo mem069/RESTART/20200525.180000.sfcanl_data.tile2.nc
+ read -r line
+ echo mem069/RESTART/20200525.180000.sfcanl_data.tile3.nc
+ read -r line
+ echo mem069/RESTART/20200525.180000.sfcanl_data.tile4.nc
+ read -r line
+ echo mem069/RESTART/20200525.180000.sfcanl_data.tile5.nc
+ read -r line
+ echo mem069/RESTART/20200525.180000.sfcanl_data.tile6.nc
+ read -r line
+ echo mem069/gdas.t18z.ratmanl.nemsio
+ read -r line
+ echo mem070/
+ read -r line
+ echo mem070/RESTART/
+ read -r line
+ echo mem070/RESTART/20200525.180000.sfcanl_data.tile1.nc
+ read -r line
+ echo mem070/RESTART/20200525.180000.sfcanl_data.tile2.nc
+ read -r line
+ echo mem070/RESTART/20200525.180000.sfcanl_data.tile3.nc
+ read -r line
+ echo mem070/RESTART/20200525.180000.sfcanl_data.tile4.nc
+ read -r line
+ echo mem070/RESTART/20200525.180000.sfcanl_data.tile5.nc
+ read -r line
+ echo mem070/RESTART/20200525.180000.sfcanl_data.tile6.nc
+ read -r line
+ echo mem070/gdas.t18z.ratmanl.nemsio
+ read -r line
+ ERR=0
+ [[ 0 -ne 0 ]]
+ IMEM=11
+ '[' 11 -le 20 ']'
++ printf %03d 11
+ MEMSTR=mem011
+ IMEM_RPL=61
++ printf %03d 61
+ MEMSTR_RPL=mem061
+ echo 'mem061 mem011'
mem061 mem011
+ /bin/rm -rf mem011
+ /bin/mv -f mem061 mem011
/bin/mv: cannot stat mem061: No such file or directory
+ IMEM=12
+ '[' 12 -le 20 ']'
++ printf %03d 12
+ MEMSTR=mem012
+ IMEM_RPL=62
++ printf %03d 62
+ MEMSTR_RPL=mem062
+ echo 'mem062 mem012'
mem062 mem012
+ /bin/rm -rf mem012
+ /bin/mv -f mem062 mem012
/bin/mv: cannot stat mem062: No such file or directory
+ IMEM=13
+ '[' 13 -le 20 ']'
++ printf %03d 13
+ MEMSTR=mem013
+ IMEM_RPL=63
++ printf %03d 63
+ MEMSTR_RPL=mem063
+ echo 'mem063 mem013'
mem063 mem013
+ /bin/rm -rf mem013
+ /bin/mv -f mem063 mem013
/bin/mv: cannot stat mem063: No such file or directory
+ IMEM=14
+ '[' 14 -le 20 ']'
++ printf %03d 14
+ MEMSTR=mem014
+ IMEM_RPL=64
++ printf %03d 64
+ MEMSTR_RPL=mem064
+ echo 'mem064 mem014'
mem064 mem014
+ /bin/rm -rf mem014
+ /bin/mv -f mem064 mem014
/bin/mv: cannot stat mem064: No such file or directory
+ IMEM=15
+ '[' 15 -le 20 ']'
++ printf %03d 15
+ MEMSTR=mem015
+ IMEM_RPL=65
++ printf %03d 65
+ MEMSTR_RPL=mem065
+ echo 'mem065 mem015'
mem065 mem015
+ /bin/rm -rf mem015
+ /bin/mv -f mem065 mem015
/bin/mv: cannot stat mem065: No such file or directory
+ IMEM=16
+ '[' 16 -le 20 ']'
++ printf %03d 16
+ MEMSTR=mem016
+ IMEM_RPL=66
++ printf %03d 66
+ MEMSTR_RPL=mem066
+ echo 'mem066 mem016'
mem066 mem016
+ /bin/rm -rf mem016
+ /bin/mv -f mem066 mem016
/bin/mv: cannot stat mem066: No such file or directory
+ IMEM=17
+ '[' 17 -le 20 ']'
++ printf %03d 17
+ MEMSTR=mem017
+ IMEM_RPL=67
++ printf %03d 67
+ MEMSTR_RPL=mem067
+ echo 'mem067 mem017'
mem067 mem017
+ /bin/rm -rf mem017
+ /bin/mv -f mem067 mem017
/bin/mv: cannot stat mem067: No such file or directory
+ IMEM=18
+ '[' 18 -le 20 ']'
++ printf %03d 18
+ MEMSTR=mem018
+ IMEM_RPL=68
++ printf %03d 68
+ MEMSTR_RPL=mem068
+ echo 'mem068 mem018'
mem068 mem018
+ /bin/rm -rf mem018
+ /bin/mv -f mem068 mem018
/bin/mv: cannot stat mem068: No such file or directory
+ IMEM=19
+ '[' 19 -le 20 ']'
++ printf %03d 19
+ MEMSTR=mem019
+ IMEM_RPL=69
++ printf %03d 69
+ MEMSTR_RPL=mem069
+ echo 'mem069 mem019'
mem069 mem019
+ /bin/rm -rf mem019
+ /bin/mv -f mem069 mem019
/bin/mv: cannot stat mem069: No such file or directory
+ IMEM=20
+ '[' 20 -le 20 ']'
++ printf %03d 20
+ MEMSTR=mem020
+ IMEM_RPL=70
++ printf %03d 70
+ MEMSTR_RPL=mem070
+ echo 'mem070 mem020'
mem070 mem020
+ /bin/rm -rf mem020
+ /bin/mv -f mem070 mem020
/bin/mv: cannot stat mem070: No such file or directory
+ IMEM=21
+ '[' 21 -le 20 ']'
+ exit 0
_______________________________________________________________
Start Epilog on node hfe03 for job 50581394 :: Fri Oct 13 16:27:39 UTC 2023
Job 50581394 (serial) finished for user Bo.Huang in partition service with exit code 0:0
_______________________________________________________________
End Epilogue Fri Oct 13 16:27:39 UTC 2023
+ export GFSVER=v15
+ GFSVER=v15
+ export HOMEgfs=/home/Bo.Huang/JEDI-2020/UFS-Aerosols_NRTcyc/UFS-Aerosols_JEDI-AeroDA-1C192-20C192_NRT
+ HOMEgfs=/home/Bo.Huang/JEDI-2020/UFS-Aerosols_NRTcyc/UFS-Aerosols_JEDI-AeroDA-1C192-20C192_NRT
+ export ROTDIR=/scratch2/BMC/gsd-fv3-dev/MAPP_2018/bhuang/JEDI-2020/JEDI-FV3/expRuns/UFS-Aerosols_RETcyc/CHGRES_GDAS_v15/dr-data
+ ROTDIR=/scratch2/BMC/gsd-fv3-dev/MAPP_2018/bhuang/JEDI-2020/JEDI-FV3/expRuns/UFS-Aerosols_RETcyc/CHGRES_GDAS_v15/dr-data
+ export GDASHPSSDIR=/BMC/fim/5year/MAPP_2018/bhuang/BackupGdas/v15/
+ GDASHPSSDIR=/BMC/fim/5year/MAPP_2018/bhuang/BackupGdas/v15/
+ export CDATE=2020052518
+ CDATE=2020052518
+ export NMEMSORG=80
+ NMEMSORG=80
+ export NMEMSPROST=11
+ NMEMSPROST=11
+ export NMEMSPROED=20
+ NMEMSPROED=20
+ export SHIFTMEM=+50
+ SHIFTMEM=+50
+ CYMD=20200525
+ CY=2020
+ CM=05
+ CD=25
+ CH=18
+ NCP='/bin/cp -r'
+ NMV='/bin/mv -f'
+ NRM='/bin/rm -rf'
+ NLN='/bin/ln -sf'
+ GDASDIR=/scratch2/BMC/gsd-fv3-dev/MAPP_2018/bhuang/JEDI-2020/JEDI-FV3/expRuns/UFS-Aerosols_RETcyc/CHGRES_GDAS_v15/dr-data/
+ GDASCNTLIN=/scratch2/BMC/gsd-fv3-dev/MAPP_2018/bhuang/JEDI-2020/JEDI-FV3/expRuns/UFS-Aerosols_RETcyc/CHGRES_GDAS_v15/dr-data//gdas.2020052518/INPUT
+ GDASENKFIN=/scratch2/BMC/gsd-fv3-dev/MAPP_2018/bhuang/JEDI-2020/JEDI-FV3/expRuns/UFS-Aerosols_RETcyc/CHGRES_GDAS_v15/dr-data//enkfgdas.2020052518/INPUT
+ [[ ! -d /scratch2/BMC/gsd-fv3-dev/MAPP_2018/bhuang/JEDI-2020/JEDI-FV3/expRuns/UFS-Aerosols_RETcyc/CHGRES_GDAS_v15/dr-data/ ]]
+ [[ ! -d /scratch2/BMC/gsd-fv3-dev/MAPP_2018/bhuang/JEDI-2020/JEDI-FV3/expRuns/UFS-Aerosols_RETcyc/CHGRES_GDAS_v15/dr-data//gdas.2020052518/INPUT ]]
+ [[ ! -d /scratch2/BMC/gsd-fv3-dev/MAPP_2018/bhuang/JEDI-2020/JEDI-FV3/expRuns/UFS-Aerosols_RETcyc/CHGRES_GDAS_v15/dr-data//enkfgdas.2020052518/INPUT ]]
+ cd /scratch2/BMC/gsd-fv3-dev/MAPP_2018/bhuang/JEDI-2020/JEDI-FV3/expRuns/UFS-Aerosols_RETcyc/CHGRES_GDAS_v15/dr-data//gdas.2020052518/INPUT
+ TARFILE=/BMC/fim/5year/MAPP_2018/bhuang/BackupGdas/v15//202005/gdas.2020052518.tar
+ htar -xvf /BMC/fim/5year/MAPP_2018/bhuang/BackupGdas/v15//202005/gdas.2020052518.tar
[connecting to hpsscore1.fairmont.rdhpcs.noaa.gov/1217]
ERROR: [FATAL] no such HPSS archive file: /BMC/fim/5year/MAPP_2018/bhuang/BackupGdas/v15//202005/gdas.2020052518.tar
HTAR: HTAR FAILED
###WARNING  htar returned non-zero exit status.
            72 = /apps/hpss/bin/htar -xvf /BMC/fim/5year/MAPP_2018/bhuang/BackupGdas/v15//202005/gdas.2020052518.tar
+ cd /scratch2/BMC/gsd-fv3-dev/MAPP_2018/bhuang/JEDI-2020/JEDI-FV3/expRuns/UFS-Aerosols_RETcyc/CHGRES_GDAS_v15/dr-data//enkfgdas.2020052518/INPUT
+ TARFILE=/BMC/fim/5year/MAPP_2018/bhuang/BackupGdas/v15//202005/enkfgdas.2020052518.tar
+ rm -rf list1.gdasenkf list2.gdasenkf list3.gdasenkf
+ htar -tvf /BMC/fim/5year/MAPP_2018/bhuang/BackupGdas/v15//202005/enkfgdas.2020052518.tar
[connecting to hpsscore1.fairmont.rdhpcs.noaa.gov/1217]
+ IMEM=11
+ '[' 11 -le 20 ']'
+ IMEM_RPL=61
++ printf %03d 61
+ MEMSTR=mem061
+ grep mem061 list1.gdasenkf
+ IMEM=12
+ '[' 12 -le 20 ']'
+ IMEM_RPL=62
++ printf %03d 62
+ MEMSTR=mem062
+ grep mem062 list1.gdasenkf
+ IMEM=13
+ '[' 13 -le 20 ']'
+ IMEM_RPL=63
++ printf %03d 63
+ MEMSTR=mem063
+ grep mem063 list1.gdasenkf
+ IMEM=14
+ '[' 14 -le 20 ']'
+ IMEM_RPL=64
++ printf %03d 64
+ MEMSTR=mem064
+ grep mem064 list1.gdasenkf
+ IMEM=15
+ '[' 15 -le 20 ']'
+ IMEM_RPL=65
++ printf %03d 65
+ MEMSTR=mem065
+ grep mem065 list1.gdasenkf
+ IMEM=16
+ '[' 16 -le 20 ']'
+ IMEM_RPL=66
++ printf %03d 66
+ MEMSTR=mem066
+ grep mem066 list1.gdasenkf
+ IMEM=17
+ '[' 17 -le 20 ']'
+ IMEM_RPL=67
++ printf %03d 67
+ MEMSTR=mem067
+ grep mem067 list1.gdasenkf
+ IMEM=18
+ '[' 18 -le 20 ']'
+ IMEM_RPL=68
++ printf %03d 68
+ MEMSTR=mem068
+ grep mem068 list1.gdasenkf
+ IMEM=19
+ '[' 19 -le 20 ']'
+ IMEM_RPL=69
++ printf %03d 69
+ MEMSTR=mem069
+ grep mem069 list1.gdasenkf
+ IMEM=20
+ '[' 20 -le 20 ']'
+ IMEM_RPL=70
++ printf %03d 70
+ MEMSTR=mem070
+ grep mem070 list1.gdasenkf
+ IMEM=21
+ '[' 21 -le 20 ']'
+ read -r line
+ echo mem061/
+ read -r line
+ echo mem061/RESTART/
+ read -r line
+ echo mem061/RESTART/20200525.180000.sfcanl_data.tile1.nc
+ read -r line
+ echo mem061/RESTART/20200525.180000.sfcanl_data.tile2.nc
+ read -r line
+ echo mem061/RESTART/20200525.180000.sfcanl_data.tile3.nc
+ read -r line
+ echo mem061/RESTART/20200525.180000.sfcanl_data.tile4.nc
+ read -r line
+ echo mem061/RESTART/20200525.180000.sfcanl_data.tile5.nc
+ read -r line
+ echo mem061/RESTART/20200525.180000.sfcanl_data.tile6.nc
+ read -r line
+ echo mem061/gdas.t18z.ratmanl.nemsio
+ read -r line
+ echo mem062/
+ read -r line
+ echo mem062/RESTART/
+ read -r line
+ echo mem062/RESTART/20200525.180000.sfcanl_data.tile1.nc
+ read -r line
+ echo mem062/RESTART/20200525.180000.sfcanl_data.tile2.nc
+ read -r line
+ echo mem062/RESTART/20200525.180000.sfcanl_data.tile3.nc
+ read -r line
+ echo mem062/RESTART/20200525.180000.sfcanl_data.tile4.nc
+ read -r line
+ echo mem062/RESTART/20200525.180000.sfcanl_data.tile5.nc
+ read -r line
+ echo mem062/RESTART/20200525.180000.sfcanl_data.tile6.nc
+ read -r line
+ echo mem062/gdas.t18z.ratmanl.nemsio
+ read -r line
+ echo mem063/
+ read -r line
+ echo mem063/RESTART/
+ read -r line
+ echo mem063/RESTART/20200525.180000.sfcanl_data.tile1.nc
+ read -r line
+ echo mem063/RESTART/20200525.180000.sfcanl_data.tile2.nc
+ read -r line
+ echo mem063/RESTART/20200525.180000.sfcanl_data.tile3.nc
+ read -r line
+ echo mem063/RESTART/20200525.180000.sfcanl_data.tile4.nc
+ read -r line
+ echo mem063/RESTART/20200525.180000.sfcanl_data.tile5.nc
+ read -r line
+ echo mem063/RESTART/20200525.180000.sfcanl_data.tile6.nc
+ read -r line
+ echo mem063/gdas.t18z.ratmanl.nemsio
+ read -r line
+ echo mem064/
+ read -r line
+ echo mem064/RESTART/
+ read -r line
+ echo mem064/RESTART/20200525.180000.sfcanl_data.tile1.nc
+ read -r line
+ echo mem064/RESTART/20200525.180000.sfcanl_data.tile2.nc
+ read -r line
+ echo mem064/RESTART/20200525.180000.sfcanl_data.tile3.nc
+ read -r line
+ echo mem064/RESTART/20200525.180000.sfcanl_data.tile4.nc
+ read -r line
+ echo mem064/RESTART/20200525.180000.sfcanl_data.tile5.nc
+ read -r line
+ echo mem064/RESTART/20200525.180000.sfcanl_data.tile6.nc
+ read -r line
+ echo mem064/gdas.t18z.ratmanl.nemsio
+ read -r line
+ echo mem065/
+ read -r line
+ echo mem065/RESTART/
+ read -r line
+ echo mem065/RESTART/20200525.180000.sfcanl_data.tile1.nc
+ read -r line
+ echo mem065/RESTART/20200525.180000.sfcanl_data.tile2.nc
+ read -r line
+ echo mem065/RESTART/20200525.180000.sfcanl_data.tile3.nc
+ read -r line
+ echo mem065/RESTART/20200525.180000.sfcanl_data.tile4.nc
+ read -r line
+ echo mem065/RESTART/20200525.180000.sfcanl_data.tile5.nc
+ read -r line
+ echo mem065/RESTART/20200525.180000.sfcanl_data.tile6.nc
+ read -r line
+ echo mem065/gdas.t18z.ratmanl.nemsio
+ read -r line
+ echo mem066/
+ read -r line
+ echo mem066/RESTART/
+ read -r line
+ echo mem066/RESTART/20200525.180000.sfcanl_data.tile1.nc
+ read -r line
+ echo mem066/RESTART/20200525.180000.sfcanl_data.tile2.nc
+ read -r line
+ echo mem066/RESTART/20200525.180000.sfcanl_data.tile3.nc
+ read -r line
+ echo mem066/RESTART/20200525.180000.sfcanl_data.tile4.nc
+ read -r line
+ echo mem066/RESTART/20200525.180000.sfcanl_data.tile5.nc
+ read -r line
+ echo mem066/RESTART/20200525.180000.sfcanl_data.tile6.nc
+ read -r line
+ echo mem066/gdas.t18z.ratmanl.nemsio
+ read -r line
+ echo mem067/
+ read -r line
+ echo mem067/RESTART/
+ read -r line
+ echo mem067/RESTART/20200525.180000.sfcanl_data.tile1.nc
+ read -r line
+ echo mem067/RESTART/20200525.180000.sfcanl_data.tile2.nc
+ read -r line
+ echo mem067/RESTART/20200525.180000.sfcanl_data.tile3.nc
+ read -r line
+ echo mem067/RESTART/20200525.180000.sfcanl_data.tile4.nc
+ read -r line
+ echo mem067/RESTART/20200525.180000.sfcanl_data.tile5.nc
+ read -r line
+ echo mem067/RESTART/20200525.180000.sfcanl_data.tile6.nc
+ read -r line
+ echo mem067/gdas.t18z.ratmanl.nemsio
+ read -r line
+ echo mem068/
+ read -r line
+ echo mem068/RESTART/
+ read -r line
+ echo mem068/RESTART/20200525.180000.sfcanl_data.tile1.nc
+ read -r line
+ echo mem068/RESTART/20200525.180000.sfcanl_data.tile2.nc
+ read -r line
+ echo mem068/RESTART/20200525.180000.sfcanl_data.tile3.nc
+ read -r line
+ echo mem068/RESTART/20200525.180000.sfcanl_data.tile4.nc
+ read -r line
+ echo mem068/RESTART/20200525.180000.sfcanl_data.tile5.nc
+ read -r line
+ echo mem068/RESTART/20200525.180000.sfcanl_data.tile6.nc
+ read -r line
+ echo mem068/gdas.t18z.ratmanl.nemsio
+ read -r line
+ echo mem069/
+ read -r line
+ echo mem069/RESTART/
+ read -r line
+ echo mem069/RESTART/20200525.180000.sfcanl_data.tile1.nc
+ read -r line
+ echo mem069/RESTART/20200525.180000.sfcanl_data.tile2.nc
+ read -r line
+ echo mem069/RESTART/20200525.180000.sfcanl_data.tile3.nc
+ read -r line
+ echo mem069/RESTART/20200525.180000.sfcanl_data.tile4.nc
+ read -r line
+ echo mem069/RESTART/20200525.180000.sfcanl_data.tile5.nc
+ read -r line
+ echo mem069/RESTART/20200525.180000.sfcanl_data.tile6.nc
+ read -r line
+ echo mem069/gdas.t18z.ratmanl.nemsio
+ read -r line
+ echo mem070/
+ read -r line
+ echo mem070/RESTART/
+ read -r line
+ echo mem070/RESTART/20200525.180000.sfcanl_data.tile1.nc
+ read -r line
+ echo mem070/RESTART/20200525.180000.sfcanl_data.tile2.nc
+ read -r line
+ echo mem070/RESTART/20200525.180000.sfcanl_data.tile3.nc
+ read -r line
+ echo mem070/RESTART/20200525.180000.sfcanl_data.tile4.nc
+ read -r line
+ echo mem070/RESTART/20200525.180000.sfcanl_data.tile5.nc
+ read -r line
+ echo mem070/RESTART/20200525.180000.sfcanl_data.tile6.nc
+ read -r line
+ echo mem070/gdas.t18z.ratmanl.nemsio
+ read -r line
+ htar -xvf /BMC/fim/5year/MAPP_2018/bhuang/BackupGdas/v15//202005/enkfgdas.2020052518.tar -L ./list3.gdasenkf
[connecting to hpsscore1.fairmont.rdhpcs.noaa.gov/1217]
HTAR: x mem061/
HTAR: x mem061/RESTART/
HTAR: x mem061/RESTART/20200525.180000.sfcanl_data.tile1.nc, 73186279 bytes, 142943 media blocks
HTAR: x mem061/RESTART/20200525.180000.sfcanl_data.tile2.nc, 73186279 bytes, 142943 media blocks
HTAR: x mem061/RESTART/20200525.180000.sfcanl_data.tile3.nc, 73186279 bytes, 142943 media blocks
HTAR: x mem061/RESTART/20200525.180000.sfcanl_data.tile4.nc, 73186279 bytes, 142943 media blocks
HTAR: x mem061/RESTART/20200525.180000.sfcanl_data.tile5.nc, 73186279 bytes, 142943 media blocks
HTAR: x mem061/RESTART/20200525.180000.sfcanl_data.tile6.nc, 73186279 bytes, 142943 media blocks
HTAR: x mem061/gdas.t18z.ratmanl.nemsio, 3944781400 bytes, 7704653 media blocks
HTAR: x mem062/
HTAR: x mem062/RESTART/
HTAR: x mem062/RESTART/20200525.180000.sfcanl_data.tile1.nc, 73186279 bytes, 142943 media blocks
HTAR: x mem062/RESTART/20200525.180000.sfcanl_data.tile2.nc, 73186279 bytes, 142943 media blocks
HTAR: x mem062/RESTART/20200525.180000.sfcanl_data.tile3.nc, 73186279 bytes, 142943 media blocks
HTAR: x mem062/RESTART/20200525.180000.sfcanl_data.tile4.nc, 73186279 bytes, 142943 media blocks
HTAR: x mem062/RESTART/20200525.180000.sfcanl_data.tile5.nc, 73186279 bytes, 142943 media blocks
HTAR: x mem062/RESTART/20200525.180000.sfcanl_data.tile6.nc, 73186279 bytes, 142943 media blocks
HTAR: x mem062/gdas.t18z.ratmanl.nemsio, 3944781400 bytes, 7704653 media blocks
HTAR: x mem063/
HTAR: x mem063/RESTART/
HTAR: x mem063/RESTART/20200525.180000.sfcanl_data.tile1.nc, 73186279 bytes, 142943 media blocks
HTAR: x mem063/RESTART/20200525.180000.sfcanl_data.tile2.nc, 73186279 bytes, 142943 media blocks
HTAR: x mem063/RESTART/20200525.180000.sfcanl_data.tile3.nc, 73186279 bytes, 142943 media blocks
HTAR: x mem063/RESTART/20200525.180000.sfcanl_data.tile4.nc, 73186279 bytes, 142943 media blocks
HTAR: x mem063/RESTART/20200525.180000.sfcanl_data.tile5.nc, 73186279 bytes, 142943 media blocks
HTAR: x mem063/RESTART/20200525.180000.sfcanl_data.tile6.nc, 73186279 bytes, 142943 media blocks
HTAR: x mem063/gdas.t18z.ratmanl.nemsio, 3944781400 bytes, 7704653 media blocks
HTAR: x mem064/
HTAR: x mem064/RESTART/
HTAR: x mem064/RESTART/20200525.180000.sfcanl_data.tile1.nc, 73186279 bytes, 142943 media blocks
HTAR: x mem064/RESTART/20200525.180000.sfcanl_data.tile2.nc, 73186279 bytes, 142943 media blocks
HTAR: x mem064/RESTART/20200525.180000.sfcanl_data.tile3.nc, 73186279 bytes, 142943 media blocks
HTAR: x mem064/RESTART/20200525.180000.sfcanl_data.tile4.nc, 73186279 bytes, 142943 media blocks
HTAR: x mem064/RESTART/20200525.180000.sfcanl_data.tile5.nc, 73186279 bytes, 142943 media blocks
HTAR: x mem064/RESTART/20200525.180000.sfcanl_data.tile6.nc, 73186279 bytes, 142943 media blocks
HTAR: x mem064/gdas.t18z.ratmanl.nemsio, 3944781400 bytes, 7704653 media blocks
HTAR: x mem065/
HTAR: x mem065/RESTART/
HTAR: x mem065/RESTART/20200525.180000.sfcanl_data.tile1.nc, 73186279 bytes, 142943 media blocks
HTAR: x mem065/RESTART/20200525.180000.sfcanl_data.tile2.nc, 73186279 bytes, 142943 media blocks
HTAR: x mem065/RESTART/20200525.180000.sfcanl_data.tile3.nc, 73186279 bytes, 142943 media blocks
HTAR: x mem065/RESTART/20200525.180000.sfcanl_data.tile4.nc, 73186279 bytes, 142943 media blocks
HTAR: x mem065/RESTART/20200525.180000.sfcanl_data.tile5.nc, 73186279 bytes, 142943 media blocks
HTAR: x mem065/RESTART/20200525.180000.sfcanl_data.tile6.nc, 73186279 bytes, 142943 media blocks
HTAR: x mem065/gdas.t18z.ratmanl.nemsio, 3944781400 bytes, 7704653 media blocks
HTAR: x mem066/
HTAR: x mem066/RESTART/
HTAR: x mem066/RESTART/20200525.180000.sfcanl_data.tile1.nc, 73186279 bytes, 142943 media blocks
HTAR: x mem066/RESTART/20200525.180000.sfcanl_data.tile2.nc, 73186279 bytes, 142943 media blocks
HTAR: x mem066/RESTART/20200525.180000.sfcanl_data.tile3.nc, 73186279 bytes, 142943 media blocks
HTAR: x mem066/RESTART/20200525.180000.sfcanl_data.tile4.nc, 73186279 bytes, 142943 media blocks
HTAR: x mem066/RESTART/20200525.180000.sfcanl_data.tile5.nc, 73186279 bytes, 142943 media blocks
HTAR: x mem066/RESTART/20200525.180000.sfcanl_data.tile6.nc, 73186279 bytes, 142943 media blocks
HTAR: x mem066/gdas.t18z.ratmanl.nemsio, 3944781400 bytes, 7704653 media blocks
HTAR: x mem067/
HTAR: x mem067/RESTART/
HTAR: x mem067/RESTART/20200525.180000.sfcanl_data.tile1.nc, 73186279 bytes, 142943 media blocks
HTAR: x mem067/RESTART/20200525.180000.sfcanl_data.tile2.nc, 73186279 bytes, 142943 media blocks
HTAR: x mem067/RESTART/20200525.180000.sfcanl_data.tile3.nc, 73186279 bytes, 142943 media blocks
HTAR: x mem067/RESTART/20200525.180000.sfcanl_data.tile4.nc, 73186279 bytes, 142943 media blocks
HTAR: x mem067/RESTART/20200525.180000.sfcanl_data.tile5.nc, 73186279 bytes, 142943 media blocks
HTAR: x mem067/RESTART/20200525.180000.sfcanl_data.tile6.nc, 73186279 bytes, 142943 media blocks
HTAR: x mem067/gdas.t18z.ratmanl.nemsio, 3944781400 bytes, 7704653 media blocks
HTAR: x mem068/
HTAR: x mem068/RESTART/
HTAR: x mem068/RESTART/20200525.180000.sfcanl_data.tile1.nc, 73186279 bytes, 142943 media blocks
HTAR: x mem068/RESTART/20200525.180000.sfcanl_data.tile2.nc, 73186279 bytes, 142943 media blocks
HTAR: x mem068/RESTART/20200525.180000.sfcanl_data.tile3.nc, 73186279 bytes, 142943 media blocks
HTAR: x mem068/RESTART/20200525.180000.sfcanl_data.tile4.nc, 73186279 bytes, 142943 media blocks
HTAR: x mem068/RESTART/20200525.180000.sfcanl_data.tile5.nc, 73186279 bytes, 142943 media blocks
HTAR: x mem068/RESTART/20200525.180000.sfcanl_data.tile6.nc, 73186279 bytes, 142943 media blocks
HTAR: x mem068/gdas.t18z.ratmanl.nemsio, 3944781400 bytes, 7704653 media blocks
HTAR: x mem069/
HTAR: x mem069/RESTART/
HTAR: x mem069/RESTART/20200525.180000.sfcanl_data.tile1.nc, 73186279 bytes, 142943 media blocks
HTAR: x mem069/RESTART/20200525.180000.sfcanl_data.tile2.nc, 73186279 bytes, 142943 media blocks
HTAR: x mem069/RESTART/20200525.180000.sfcanl_data.tile3.nc, 73186279 bytes, 142943 media blocks
HTAR: x mem069/RESTART/20200525.180000.sfcanl_data.tile4.nc, 73186279 bytes, 142943 media blocks
HTAR: x mem069/RESTART/20200525.180000.sfcanl_data.tile5.nc, 73186279 bytes, 142943 media blocks
HTAR: x mem069/RESTART/20200525.180000.sfcanl_data.tile6.nc, 73186279 bytes, 142943 media blocks
HTAR: x mem069/gdas.t18z.ratmanl.nemsio, 3944781400 bytes, 7704653 media blocks
HTAR: x mem070/
HTAR: x mem070/RESTART/
HTAR: x mem070/RESTART/20200525.180000.sfcanl_data.tile1.nc, 73186279 bytes, 142943 media blocks
HTAR: x mem070/RESTART/20200525.180000.sfcanl_data.tile2.nc, 73186279 bytes, 142943 media blocks
HTAR: x mem070/RESTART/20200525.180000.sfcanl_data.tile3.nc, 73186279 bytes, 142943 media blocks
HTAR: x mem070/RESTART/20200525.180000.sfcanl_data.tile4.nc, 73186279 bytes, 142943 media blocks
HTAR: x mem070/RESTART/20200525.180000.sfcanl_data.tile5.nc, 73186279 bytes, 142943 media blocks
HTAR: x mem070/RESTART/20200525.180000.sfcanl_data.tile6.nc, 73186279 bytes, 142943 media blocks
HTAR: x mem070/gdas.t18z.ratmanl.nemsio, 3944781400 bytes, 7704653 media blocks
HTAR: Extract complete for /BMC/fim/5year/MAPP_2018/bhuang/BackupGdas/v15//202005/enkfgdas.2020052518.tar, 70 files. total bytes read: 43839042560 in 96.469 seconds (454.435 MB/s ) wallclock/user/sys: 96.807 0.437 90.963 seconds
HTAR: HTAR SUCCESSFUL
+ ERR=0
+ [[ 0 -ne 0 ]]
+ IMEM=11
+ '[' 11 -le 20 ']'
++ printf %03d 11
+ MEMSTR=mem011
+ IMEM_RPL=61
++ printf %03d 61
+ MEMSTR_RPL=mem061
+ echo 'mem061 mem011'
mem061 mem011
+ /bin/rm -rf mem011
+ /bin/mv -f mem061 mem011
+ IMEM=12
+ '[' 12 -le 20 ']'
++ printf %03d 12
+ MEMSTR=mem012
+ IMEM_RPL=62
++ printf %03d 62
+ MEMSTR_RPL=mem062
+ echo 'mem062 mem012'
mem062 mem012
+ /bin/rm -rf mem012
+ /bin/mv -f mem062 mem012
+ IMEM=13
+ '[' 13 -le 20 ']'
++ printf %03d 13
+ MEMSTR=mem013
+ IMEM_RPL=63
++ printf %03d 63
+ MEMSTR_RPL=mem063
+ echo 'mem063 mem013'
mem063 mem013
+ /bin/rm -rf mem013
+ /bin/mv -f mem063 mem013
+ IMEM=14
+ '[' 14 -le 20 ']'
++ printf %03d 14
+ MEMSTR=mem014
+ IMEM_RPL=64
++ printf %03d 64
+ MEMSTR_RPL=mem064
+ echo 'mem064 mem014'
mem064 mem014
+ /bin/rm -rf mem014
+ /bin/mv -f mem064 mem014
+ IMEM=15
+ '[' 15 -le 20 ']'
++ printf %03d 15
+ MEMSTR=mem015
+ IMEM_RPL=65
++ printf %03d 65
+ MEMSTR_RPL=mem065
+ echo 'mem065 mem015'
mem065 mem015
+ /bin/rm -rf mem015
+ /bin/mv -f mem065 mem015
+ IMEM=16
+ '[' 16 -le 20 ']'
++ printf %03d 16
+ MEMSTR=mem016
+ IMEM_RPL=66
++ printf %03d 66
+ MEMSTR_RPL=mem066
+ echo 'mem066 mem016'
mem066 mem016
+ /bin/rm -rf mem016
+ /bin/mv -f mem066 mem016
+ IMEM=17
+ '[' 17 -le 20 ']'
++ printf %03d 17
+ MEMSTR=mem017
+ IMEM_RPL=67
++ printf %03d 67
+ MEMSTR_RPL=mem067
+ echo 'mem067 mem017'
mem067 mem017
+ /bin/rm -rf mem017
+ /bin/mv -f mem067 mem017
+ IMEM=18
+ '[' 18 -le 20 ']'
++ printf %03d 18
+ MEMSTR=mem018
+ IMEM_RPL=68
++ printf %03d 68
+ MEMSTR_RPL=mem068
+ echo 'mem068 mem018'
mem068 mem018
+ /bin/rm -rf mem018
+ /bin/mv -f mem068 mem018
+ IMEM=19
+ '[' 19 -le 20 ']'
++ printf %03d 19
+ MEMSTR=mem019
+ IMEM_RPL=69
++ printf %03d 69
+ MEMSTR_RPL=mem069
+ echo 'mem069 mem019'
mem069 mem019
+ /bin/rm -rf mem019
+ /bin/mv -f mem069 mem019
+ IMEM=20
+ '[' 20 -le 20 ']'
++ printf %03d 20
+ MEMSTR=mem020
+ IMEM_RPL=70
++ printf %03d 70
+ MEMSTR_RPL=mem070
+ echo 'mem070 mem020'
mem070 mem020
+ /bin/rm -rf mem020
+ /bin/mv -f mem070 mem020
+ IMEM=21
+ '[' 21 -le 20 ']'
+ exit 0
_______________________________________________________________
Start Epilog on node hfe01 for job 50581506 :: Fri Oct 13 16:31:20 UTC 2023
Job 50581506 (serial) finished for user Bo.Huang in partition service with exit code 0:0
_______________________________________________________________
End Epilogue Fri Oct 13 16:31:20 UTC 2023
