2020052500 (All Missing))
2020052506 (Missing grp06 due to BAD sfcanl file)
2020052512 (Missing grp01/08 BAD sfcanl file)
2020052518 (Missing all cntl file and grp02/06 BAD sfcanl file)
2020062412 (Complete missing everything)
2019070300 (Mem31-40 replaced by 71-80 all)
2019070306 (Mem11-20 replaced by 71-80 all)
2019070318 (Mem01-10 replaced by 71-80 all)
2019071106 (Mem31-40, 51-60 replaced by 61-70, 71-80 all)
2019071200 (Mem01-10 replaced by 71-80 all)
2019071306 (Mem01-10 replaced by 71-80 all)
2019071712 (Mem51-60 replaced by 71-80 all)
2019071806 (Mem1-10/41-50/61-70 replaced by 71-80/51-60/31-40)
2019071812 (Mem31-40/41-50/61-70 replaced by 51-60/71-80/1-10)
2019072706 (Mem61-70 replaced by 11-20)
2019072712 (Mem21-30 replaced by 71-80)
2019072800 (Mem1-10 replaced by 71-80)
2019072806 (Mem61-70 replaced by 11-20)
2019072812 (Mem71-80 replaced by 11-20)
2019072818 (Mem61-80 replaced by 11-30)
2019072918 (Mem11-20 replaced by 71-80)
2019073100 (Mem31-40 replaced by 71-80)
2019080218 (Mem01-10 replaced by 71-80 all)
2019080300 (Mem21-40 replaced by 61-80 all)
2019080312 (Mem1-20 replaced by 61-80 all)
2019080318 (Mem41-50/71-80 replaced by 61-70/1-10 all)
2019080400 (Mem71-80 replaced by 1-10 all)
2019080418 (Mem71-80 replaced by 1-10 all)
2019080500 (Mem61-70 replaced by 1-10 all)
2019081000 (Mem51-70 replaced by 1-20 all)
2019081018 (Mem31-40/61-70 replaced by 71-80/1-10 all)
2019081306 (Mem51-60 replaced by 1-10 all)
2019081618 (Mem21-30 replaced by 71-80 all)
2019081818 (Mem1-10 replaced by 71-80 all)
2019082118 (mem1-10/mem21-40/mem41-50 replaced by 71-80, and 61-80, mem1-10)
2019082400 (Mem41-60 replaced by 1-20 all)
2019082406 (Mem1-10/41-50 replaced by 71-80/51-60 all)
2019082412 (Mem11-40 replaced by 51-80 all)
2019082418 (Mem41-70 replaced by 1-30 all)
2019082500 (Mem31-40/51-70 replaced by 71-80/1-21 all)
2019082506 (Mem21-30/31-40/51-70 replaced by 41-50/71-81/1-20 all)
2019082512 (Mem41-70 replaced by 1-30 all)
2019082518 (Mem31-40/41-50/61-80 replaced by 51-60/1-10/11-30 all)
2019082600 (Mem51-60/71-80 replaced by 1-10/11-20 all)
2019082606 (Mem51-60/71-80 replaced by 1-10/11-20 all)
2019082612 (Mem51-60/71-80 replaced by 1-10/11-20 all)
2019082706 (Mem71-80 replaced by 1-10 all)
2019082712 (Mem41-50/61-80 replaced by 1-10/21-40 all)
2019082718 (Mem1-10 replaced by 71-80 all)
2019082800 (Mem61-70 replaced by 1-10 all)
2019082806 (Mem61-70 replaced by 1-10 all)
2019082812 (Mem11-20 replaced by 71-80 all)
2019082900 (Mem11-20 replaced by 71-80 all)
2019082912 (Mem61-70 replaced by 1-10 all)
2019083000 (Mem11-20/31-50 replaced by 51-60/61-80 all)
2019083006 (Mem1-10  replaced by 71-80)
2019083012 (Mem41-50  replaced by 71-80)
2019083018 (Mem11-80  replaced by 1-10)
