       CYCLE                    TASK                       JOBID               STATE         EXIT STATUS     TRIES      DURATION
================================================================================================================================
202403150000               hpss2hera                     4104246           SUCCEEDED                   0         1         671.0
202403150000          echgres_v16_01                     4105407           SUCCEEDED                   0         3         976.0
202403150000          echgres_v16_02                     4104421           SUCCEEDED                   0         1         737.0
202403150000          echgres_v16_03                     4105406           SUCCEEDED                   0         4         705.0
202403150000          echgres_v16_04                     4104423           SUCCEEDED                   0         1         775.0
202403150000          echgres_v16_05                     4105053           SUCCEEDED                   0         2         632.0
202403150000          echgres_v16_06                     4105756           SUCCEEDED                   0         4         804.0
202403150000          echgres_v16_07                     4104424           SUCCEEDED                   0         1         709.0
202403150000          echgres_v16_08                     4105656           SUCCEEDED                   0         3         877.0
202403150000               hera2hpss                     4106048           SUCCEEDED                   0         1         636.0
================================================================================================================================
202403150600               hpss2hera                     4137116           SUCCEEDED                   0         1         891.0
202403150600          echgres_v16_01                     4138456           SUCCEEDED                   0         2         969.0
202403150600          echgres_v16_02                     4138199           SUCCEEDED                   0         1         658.0
202403150600          echgres_v16_03                     4138202           SUCCEEDED                   0         1         742.0
202403150600          echgres_v16_04                     4138201           SUCCEEDED                   0         1         677.0
202403150600          echgres_v16_05                     4138717           SUCCEEDED                   0         2         764.0
202403150600          echgres_v16_06                     4138716           SUCCEEDED                   0         2         736.0
202403150600          echgres_v16_07                     4138210           SUCCEEDED                   0         1         726.0
202403150600          echgres_v16_08                     4139265           SUCCEEDED                   0         3         824.0
202403150600               hera2hpss                     4139599           SUCCEEDED                   0         1         680.0
================================================================================================================================
202403151200               hpss2hera                     4140300           SUCCEEDED                   0         1         634.0
202403151200          echgres_v16_01                     4140598           SUCCEEDED                   0         1         905.0
202403151200          echgres_v16_02                     4140596           SUCCEEDED                   0         1         651.0
202403151200          echgres_v16_03                     4140599           SUCCEEDED                   0         1         703.0
202403151200          echgres_v16_04                     4140863           SUCCEEDED                   0         2         586.0
202403151200          echgres_v16_05                     4142162           SUCCEEDED                   0         3         858.0
202403151200          echgres_v16_06                     4141221           SUCCEEDED                   0         2         806.0
202403151200          echgres_v16_07                     4141220           SUCCEEDED                   0         2         807.0
202403151200          echgres_v16_08                     4140601           SUCCEEDED                   0         1         734.0
202403151200               hera2hpss                     4142642           SUCCEEDED                   0         1         713.0
================================================================================================================================
202403151800               hpss2hera                     4142998           SUCCEEDED                   0         1         711.0
202403151800          echgres_v16_01                     4144392           SUCCEEDED                   0         2         901.0
202403151800          echgres_v16_02                     4143428           SUCCEEDED                   0         1         705.0
202403151800          echgres_v16_03                     4143429           SUCCEEDED                   0         1         670.0
202403151800          echgres_v16_04                     4143431           SUCCEEDED                   0         1         824.0
202403151800          echgres_v16_05                     4143432           SUCCEEDED                   0         1         650.0
202403151800          echgres_v16_06                     4143433           SUCCEEDED                   0         1         763.0
202403151800          echgres_v16_07                     4143434           SUCCEEDED                   0         1         848.0
202403151800          echgres_v16_08                     4143435           SUCCEEDED                   0         1         684.0
202403151800               hera2hpss                     4144748           SUCCEEDED                   0         1         669.0
================================================================================================================================
202403160000               hpss2hera                     4145143           SUCCEEDED                   0         1         709.0
202403160000          echgres_v16_01                     4145514           SUCCEEDED                   0         1        1005.0
202403160000          echgres_v16_02                     4145515           SUCCEEDED                   0         1         709.0
202403160000          echgres_v16_03                     4145511           SUCCEEDED                   0         1         694.0
202403160000          echgres_v16_04                     4146488           SUCCEEDED                   0         3         591.0
202403160000          echgres_v16_05                     4145781           SUCCEEDED                   0         2         708.0
202403160000          echgres_v16_06                     4145516           SUCCEEDED                   0         1         737.0
202403160000          echgres_v16_07                     4146233           SUCCEEDED                   0         3         703.0
202403160000          echgres_v16_08                     4146355           SUCCEEDED                   0         3         766.0
202403160000               hera2hpss                     4146908           SUCCEEDED                   0         1         691.0
================================================================================================================================
202403160600               hpss2hera                     4147304           SUCCEEDED                   0         1        1696.0
202403160600          echgres_v16_01                     4147965           SUCCEEDED                   0         1         915.0
202403160600          echgres_v16_02                     4148520           SUCCEEDED                   0         2         834.0
202403160600          echgres_v16_03                     4147962           SUCCEEDED                   0         1         723.0
202403160600          echgres_v16_04                     4147963           SUCCEEDED                   0         1         751.0
202403160600          echgres_v16_05                     4147958           SUCCEEDED                   0         1         749.0
202403160600          echgres_v16_06                     4147959           SUCCEEDED                   0         1         583.0
202403160600          echgres_v16_07                     4147964           SUCCEEDED                   0         1         740.0
202403160600          echgres_v16_08                     4147961           SUCCEEDED                   0         1         695.0
202403160600               hera2hpss                     4148865           SUCCEEDED                   0         1         742.0
================================================================================================================================
202403161200               hpss2hera                     4149298           SUCCEEDED                   0         1         691.0
202403161200          echgres_v16_01                     4149691           SUCCEEDED                   0         1         881.0
202403161200          echgres_v16_02                     4149690           SUCCEEDED                   0         1         737.0
202403161200          echgres_v16_03                     4149692           SUCCEEDED                   0         1         573.0
202403161200          echgres_v16_04                     4150281           SUCCEEDED                   0         2         874.0
202403161200          echgres_v16_05                     4150767           SUCCEEDED                   0         3         775.0
202403161200          echgres_v16_06                     4149695           SUCCEEDED                   0         1         632.0
202403161200          echgres_v16_07                     4150869           SUCCEEDED                   0         3         718.0
202403161200          echgres_v16_08                     4158823           SUCCEEDED                   0         1         559.0
202403161200               hera2hpss                     4159319           SUCCEEDED                   0         1         355.0
================================================================================================================================
202403161800               hpss2hera                     4159639           SUCCEEDED                   0         1         655.0
202403161800          echgres_v16_01                     4160026           SUCCEEDED                   0         1         899.0
202403161800          echgres_v16_02                     4160032           SUCCEEDED                   0         1         805.0
202403161800          echgres_v16_03                     4160023           SUCCEEDED                   0         1         720.0
202403161800          echgres_v16_04                     4160412           SUCCEEDED                   0         2         777.0
202403161800          echgres_v16_05                     4160021           SUCCEEDED                   0         1         735.0
202403161800          echgres_v16_06                     4160027           SUCCEEDED                   0         1         669.0
202403161800          echgres_v16_07                     4160022           SUCCEEDED                   0         1         710.0
202403161800          echgres_v16_08                     4160030           SUCCEEDED                   0         1         707.0
202403161800               hera2hpss                     4160832           SUCCEEDED                   0         1         652.0
================================================================================================================================
202403170000               hpss2hera                     4161200           SUCCEEDED                   0         1         676.0
202403170000          echgres_v16_01                     4161629           SUCCEEDED                   0         1         942.0
202403170000          echgres_v16_02                     4163239           SUCCEEDED                   0         2         556.0
202403170000          echgres_v16_03                     4161628           SUCCEEDED                   0         1         555.0
202403170000          echgres_v16_04                     4161624           SUCCEEDED                   0         1         721.0
202403170000          echgres_v16_05                     4161623           SUCCEEDED                   0         1         705.0
202403170000          echgres_v16_06                     4161630           SUCCEEDED                   0         1         616.0
202403170000          echgres_v16_07                     4163240           SUCCEEDED                   0         2         711.0
202403170000          echgres_v16_08                     4161627           SUCCEEDED                   0         1         607.0
202403170000               hera2hpss                     4163575           SUCCEEDED                   0         1         814.0
================================================================================================================================
202403170600               hpss2hera                     4164009           SUCCEEDED                   0         1         668.0
202403170600          echgres_v16_01                     4164377           SUCCEEDED                   0         1        1000.0
202403170600          echgres_v16_02                     4165927           SUCCEEDED                   0         3         780.0
202403170600          echgres_v16_03                     4164374           SUCCEEDED                   0         1         693.0
202403170600          echgres_v16_04                     4165139           SUCCEEDED                   0         2         817.0
202403170600          echgres_v16_05                     4164375           SUCCEEDED                   0         1         695.0
202403170600          echgres_v16_06                     4165142           SUCCEEDED                   0         2         782.0
202403170600          echgres_v16_07                     4165555           SUCCEEDED                   0         3         700.0
202403170600          echgres_v16_08                     4164380           SUCCEEDED                   0         1         741.0
202403170600               hera2hpss                     4166254           SUCCEEDED                   0         1         594.0
================================================================================================================================
202403171200               hpss2hera                     4166536           SUCCEEDED                   0         1         642.0
202403171200          echgres_v16_01                     4166891           SUCCEEDED                   0         1        1102.0
202403171200          echgres_v16_02                     4166886           SUCCEEDED                   0         1         677.0
202403171200          echgres_v16_03                     4167709           SUCCEEDED                   0         2         650.0
202403171200          echgres_v16_04                     4166889           SUCCEEDED                   0         1         676.0
202403171200          echgres_v16_05                     4166888           SUCCEEDED                   0         1         683.0
202403171200          echgres_v16_06                     4166887           SUCCEEDED                   0         1         721.0
202403171200          echgres_v16_07                     4168030           SUCCEEDED                   0         3         580.0
202403171200          echgres_v16_08                     4167292           SUCCEEDED                   0         2         651.0
202403171200               hera2hpss                     4168498           SUCCEEDED                   0         1         669.0
================================================================================================================================
202403171800               hpss2hera                     4168846           SUCCEEDED                   0         1         783.0
202403171800          echgres_v16_01                     4169912           SUCCEEDED                   0         2         889.0
202403171800          echgres_v16_02                     4169229           SUCCEEDED                   0         1         637.0
202403171800          echgres_v16_03                     4171124           SUCCEEDED                   0         4         655.0
202403171800          echgres_v16_04                     4169911           SUCCEEDED                   0         2         696.0
202403171800          echgres_v16_05                     4169217           SUCCEEDED                   0         1         766.0
202403171800          echgres_v16_06                     4169219           SUCCEEDED                   0         1         755.0
202403171800          echgres_v16_07                     4169218           SUCCEEDED                   0         1         721.0
202403171800          echgres_v16_08                     4169913           SUCCEEDED                   0         2         774.0
202403171800               hera2hpss                     4171594           SUCCEEDED                   0         1         552.0
================================================================================================================================
202403180000               hpss2hera                     4172035           SUCCEEDED                   0         1         672.0
202403180000          echgres_v16_01                     4173182           SUCCEEDED                   0         1         943.0
202403180000          echgres_v16_02                     4173472           SUCCEEDED                   0         2         594.0
202403180000          echgres_v16_03                     4173176           SUCCEEDED                   0         1         822.0
202403180000          echgres_v16_04                     4173177           SUCCEEDED                   0         1         719.0
202403180000          echgres_v16_05                     4173179           SUCCEEDED                   0         1         722.0
202403180000          echgres_v16_06                     4174585           SUCCEEDED                   0         3         614.0
202403180000          echgres_v16_07                     4173181           SUCCEEDED                   0         1         693.0
202403180000          echgres_v16_08                     4173180           SUCCEEDED                   0         1         738.0
202403180000               hera2hpss                     4174902           SUCCEEDED                   0         1         405.0
================================================================================================================================
202403180600               hpss2hera                     4175302           SUCCEEDED                   0         1         631.0
202403180600          echgres_v16_01                     4178080           SUCCEEDED                   0         5         944.0
202403180600          echgres_v16_02                     4177007           SUCCEEDED                   0         3         654.0
202403180600          echgres_v16_03                     4175657           SUCCEEDED                   0         1         681.0
202403180600          echgres_v16_04                     4176325           SUCCEEDED                   0         2         643.0
202403180600          echgres_v16_05                     4176324           SUCCEEDED                   0         2         611.0
202403180600          echgres_v16_06                     4176328           SUCCEEDED                   0         2         573.0
202403180600          echgres_v16_07                     4175658           SUCCEEDED                   0         1         677.0
202403180600          echgres_v16_08                     4175659           SUCCEEDED                   0         1         617.0
202403180600               hera2hpss                     4178775           SUCCEEDED                   0         1         438.0
================================================================================================================================
202403181200               hpss2hera                     4179032           SUCCEEDED                   0         1         801.0
202403181200          echgres_v16_01                     4180561           SUCCEEDED                   0         4         973.0
202403181200          echgres_v16_02                     4179876           SUCCEEDED                   0         2         722.0
202403181200          echgres_v16_03                     4179367           SUCCEEDED                   0         1         710.0
202403181200          echgres_v16_04                     4179368           SUCCEEDED                   0         1         763.0
202403181200          echgres_v16_05                     4179369           SUCCEEDED                   0         1         724.0
202403181200          echgres_v16_06                     4182234           SUCCEEDED                   0         5         702.0
202403181200          echgres_v16_07                     4180074           SUCCEEDED                   0         3         704.0
202403181200          echgres_v16_08                     4179875           SUCCEEDED                   0         2         724.0
202403181200               hera2hpss                     4182753           SUCCEEDED                   0         1         404.0
================================================================================================================================
202403181800               hpss2hera                     4183046           SUCCEEDED                   0         1         653.0
202403181800          echgres_v16_01                     4183577           SUCCEEDED                   0         1         875.0
202403181800          echgres_v16_02                     4183575           SUCCEEDED                   0         1         725.0
202403181800          echgres_v16_03                     4183576           SUCCEEDED                   0         1         755.0
202403181800          echgres_v16_04                     4184071           SUCCEEDED                   0         2         604.0
202403181800          echgres_v16_05                     4183578           SUCCEEDED                   0         1         699.0
202403181800          echgres_v16_06                     4183579           SUCCEEDED                   0         1         660.0
202403181800          echgres_v16_07                     4183580           SUCCEEDED                   0         1         646.0
202403181800          echgres_v16_08                     4185007           SUCCEEDED                   0         3         544.0
202403181800               hera2hpss                     4185284           SUCCEEDED                   0         1         605.0
================================================================================================================================
202403190000               hpss2hera                     4185812           SUCCEEDED                   0         1         638.0
202403190000          echgres_v16_01                     4186909           SUCCEEDED                   0         2         968.0
202403190000          echgres_v16_02                     4186912           SUCCEEDED                   0         2         571.0
202403190000          echgres_v16_03                     4186522           SUCCEEDED                   0         2         592.0
202403190000          echgres_v16_04                     4187226           SUCCEEDED                   0         3         778.0
202403190000          echgres_v16_05                     4187227           SUCCEEDED                   0         3         807.0
202403190000          echgres_v16_06                     4186267           SUCCEEDED                   0         1         578.0
202403190000          echgres_v16_07                     4186268           SUCCEEDED                   0         1         553.0
202403190000          echgres_v16_08                     4186269           SUCCEEDED                   0         1         580.0
202403190000               hera2hpss                     4187817           SUCCEEDED                   0         1         564.0
================================================================================================================================
202403190600               hpss2hera                     4188010           SUCCEEDED                   0         1         716.0
202403190600          echgres_v16_01                     4188513           SUCCEEDED                   0         1         866.0
202403190600          echgres_v16_02                     4188512           SUCCEEDED                   0         1         600.0
202403190600          echgres_v16_03                     4188967           SUCCEEDED                   0         2         751.0
202403190600          echgres_v16_04                     4188524           SUCCEEDED                   0         1         707.0
202403190600          echgres_v16_05                     4188732           SUCCEEDED                   0         2         709.0
202403190600          echgres_v16_06                     4188966           SUCCEEDED                   0         2         853.0
202403190600          echgres_v16_07                     4188523           SUCCEEDED                   0         1         633.0
202403190600          echgres_v16_08                     4189906           SUCCEEDED                   0         4         589.0
202403190600               hera2hpss                     4190124           SUCCEEDED                   0         1         481.0
================================================================================================================================
202403191200               hpss2hera                     4190373           SUCCEEDED                   0         1         615.0
202403191200          echgres_v16_01                     4193103           SUCCEEDED                   0         3         937.0
202403191200          echgres_v16_02                     4192387           SUCCEEDED                   0         2         730.0
202403191200          echgres_v16_03                     4192389           SUCCEEDED                   0         2         626.0
202403191200          echgres_v16_04                     4193102           SUCCEEDED                   0         3         860.0
202403191200          echgres_v16_05                     4190923           SUCCEEDED                   0         1         835.0
202403191200          echgres_v16_06                     4190919           SUCCEEDED                   0         1         718.0
202403191200          echgres_v16_07                     4190924           SUCCEEDED                   0         1         759.0
202403191200          echgres_v16_08                     4190926           SUCCEEDED                   0         1         807.0
202403191200               hera2hpss                     4193518           SUCCEEDED                   0         1         445.0
================================================================================================================================
202403191800               hpss2hera                     4193708           SUCCEEDED                   0         1         644.0
202403191800          echgres_v16_01                     4194238           SUCCEEDED                   0         1         909.0
202403191800          echgres_v16_02                     4194232           SUCCEEDED                   0         1         704.0
202403191800          echgres_v16_03                     4194237           SUCCEEDED                   0         1         674.0
202403191800          echgres_v16_04                     4194443           SUCCEEDED                   0         2         640.0
202403191800          echgres_v16_05                     4194711           SUCCEEDED                   0         2         703.0
202403191800          echgres_v16_06                     4194235           SUCCEEDED                   0         1         624.0
202403191800          echgres_v16_07                     4195566           SUCCEEDED                   0         4         639.0
202403191800          echgres_v16_08                     4194233           SUCCEEDED                   0         1         635.0
202403191800               hera2hpss                     4196163           SUCCEEDED                   0         1         485.0
================================================================================================================================
202403200000               hpss2hera                     4196405           SUCCEEDED                   0         1         643.0
202403200000          echgres_v16_01                     4197688           SUCCEEDED                   0         3         913.0
202403200000          echgres_v16_02                     4196819           SUCCEEDED                   0         1         729.0
202403200000          echgres_v16_03                     4196816           SUCCEEDED                   0         1         725.0
202403200000          echgres_v16_04                     4197430           SUCCEEDED                   0         2         730.0
202403200000          echgres_v16_05                     4196818           SUCCEEDED                   0         1         820.0
202403200000          echgres_v16_06                     4197429           SUCCEEDED                   0         2         763.0
202403200000          echgres_v16_07                     4196821           SUCCEEDED                   0         1         725.0
202403200000          echgres_v16_08                     4196822           SUCCEEDED                   0         1         778.0
202403200000               hera2hpss                     4198240           SUCCEEDED                   0         1         740.0
================================================================================================================================
202403200600               hpss2hera                     4198896           SUCCEEDED                   0         1         650.0
202403200600          echgres_v16_01                     4199887           SUCCEEDED                   0         2         932.0
202403200600          echgres_v16_02                     4199605           SUCCEEDED                   0         1         729.0
202403200600          echgres_v16_03                     4199608           SUCCEEDED                   0         1         709.0
202403200600          echgres_v16_04                     4199607           SUCCEEDED                   0         1         695.0
202403200600          echgres_v16_05                     4199609           SUCCEEDED                   0         1         763.0
202403200600          echgres_v16_06                     4199610           SUCCEEDED                   0         1         763.0
202403200600          echgres_v16_07                     4199611           SUCCEEDED                   0         1         768.0
202403200600          echgres_v16_08                     4199886           SUCCEEDED                   0         2         739.0
202403200600               hera2hpss                     4200332           SUCCEEDED                   0         1         709.0
================================================================================================================================
202403201200               hpss2hera                     4200841           SUCCEEDED                   0         1         622.0
202403201200          echgres_v16_01                     4202533           SUCCEEDED                   0         2         921.0
202403201200          echgres_v16_02                     4202534           SUCCEEDED                   0         2         752.0
202403201200          echgres_v16_03                     4202081           SUCCEEDED                   0         1         745.0
202403201200          echgres_v16_04                     4202078           SUCCEEDED                   0         1         757.0
202403201200          echgres_v16_05                     4202080           SUCCEEDED                   0         1         721.0
202403201200          echgres_v16_06                     4202083           SUCCEEDED                   0         1         666.0
202403201200          echgres_v16_07                     4202531           SUCCEEDED                   0         2         670.0
202403201200          echgres_v16_08                     4202532           SUCCEEDED                   0         2         778.0
202403201200               hera2hpss                     4203152           SUCCEEDED                   0         1         714.0
================================================================================================================================
202403201800               hpss2hera                     4203725           SUCCEEDED                   0         1         615.0
202403201800          echgres_v16_01                     4204216           SUCCEEDED                   0         1         987.0
202403201800          echgres_v16_02                     4204807           SUCCEEDED                   0         2         730.0
202403201800          echgres_v16_03                     4204217           SUCCEEDED                   0         1         786.0
202403201800          echgres_v16_04                     4205000           SUCCEEDED                   0         3         687.0
202403201800          echgres_v16_05                     4204221           SUCCEEDED                   0         1         765.0
202403201800          echgres_v16_06                     4204220           SUCCEEDED                   0         1         764.0
202403201800          echgres_v16_07                     4205661           SUCCEEDED                   0         4         683.0
202403201800          echgres_v16_08                     4204222           SUCCEEDED                   0         1         699.0
202403201800               hera2hpss                     4206118           SUCCEEDED                   0         1         456.0
================================================================================================================================
202403210000               hpss2hera                     4206371           SUCCEEDED                   0         1         644.0
202403210000          echgres_v16_01                     4206823           SUCCEEDED                   0         1        1071.0
202403210000          echgres_v16_02                     4206824           SUCCEEDED                   0         1         782.0
202403210000          echgres_v16_03                     4208025           SUCCEEDED                   0         3         667.0
202403210000          echgres_v16_04                     4207439           SUCCEEDED                   0         2         756.0
202403210000          echgres_v16_05                     4207440           SUCCEEDED                   0         2         753.0
202403210000          echgres_v16_06                     4206828           SUCCEEDED                   0         1         810.0
202403210000          echgres_v16_07                     4206827           SUCCEEDED                   0         1         725.0
202403210000          echgres_v16_08                     4207190           SUCCEEDED                   0         2         630.0
202403210000               hera2hpss                     4208460           SUCCEEDED                   0         1         547.0
================================================================================================================================
202403210600               hpss2hera                     4208709           SUCCEEDED                   0         1         663.0
202403210600          echgres_v16_01                     4209841           SUCCEEDED                   0         2         886.0
202403210600          echgres_v16_02                     4209209           SUCCEEDED                   0         1         771.0
202403210600          echgres_v16_03                     4210083           SUCCEEDED                   0         3         786.0
202403210600          echgres_v16_04                     4209210           SUCCEEDED                   0         1         629.0
202403210600          echgres_v16_05                     4209216           SUCCEEDED                   0         1         701.0
202403210600          echgres_v16_06                     4209214           SUCCEEDED                   0         1         707.0
202403210600          echgres_v16_07                     4209212           SUCCEEDED                   0         1         628.0
202403210600          echgres_v16_08                     4209215           SUCCEEDED                   0         1         636.0
202403210600               hera2hpss                     4211207           SUCCEEDED                   0         1         666.0
================================================================================================================================
202403211200               hpss2hera                     4211599           SUCCEEDED                   0         1         670.0
202403211200          echgres_v16_01                     4212152           SUCCEEDED                   0         1         907.0
202403211200          echgres_v16_02                     4212149           SUCCEEDED                   0         1         734.0
202403211200          echgres_v16_03                     4213610           SUCCEEDED                   0         3         880.0
202403211200          echgres_v16_04                     4212833           SUCCEEDED                   0         2         702.0
202403211200          echgres_v16_05                     4212151           SUCCEEDED                   0         1         654.0
202403211200          echgres_v16_06                     4212834           SUCCEEDED                   0         2         655.0
202403211200          echgres_v16_07                     4212154           SUCCEEDED                   0         1         722.0
202403211200          echgres_v16_08                     4213104           SUCCEEDED                   0         2         739.0
202403211200               hera2hpss                     4214157           SUCCEEDED                   0         1         692.0
================================================================================================================================
202403211800               hpss2hera                     4214607           SUCCEEDED                   0         1         641.0
202403211800          echgres_v16_01                     4215312           SUCCEEDED                   0         2         947.0
202403211800          echgres_v16_02                     4214935           SUCCEEDED                   0         1         733.0
202403211800          echgres_v16_03                     4215313           SUCCEEDED                   0         2         690.0
202403211800          echgres_v16_04                     4216656           SUCCEEDED                   0         5         635.0
202403211800          echgres_v16_05                     4214939           SUCCEEDED                   0         1         673.0
202403211800          echgres_v16_06                     4214938           SUCCEEDED                   0         1         640.0
202403211800          echgres_v16_07                     4214940           SUCCEEDED                   0         1         707.0
202403211800          echgres_v16_08                     4215683           SUCCEEDED                   0         2         624.0
202403211800               hera2hpss                     4217089           SUCCEEDED                   0         1         342.0
================================================================================================================================
202403220000               hpss2hera                     4217873           SUCCEEDED                   0         1         652.0
202403220000          echgres_v16_01                     4222814           SUCCEEDED                   0         5         991.0
202403220000          echgres_v16_02                     4218364           SUCCEEDED                   0         1         749.0
202403220000          echgres_v16_03                     4218367           SUCCEEDED                   0         1         677.0
202403220000          echgres_v16_04                     4218965           SUCCEEDED                   0         2         718.0
202403220000          echgres_v16_05                     4219316           SUCCEEDED                   0         2         767.0
202403220000          echgres_v16_06                     4218368           SUCCEEDED                   0         1         675.0
202403220000          echgres_v16_07                     4218370           SUCCEEDED                   0         1         682.0
202403220000          echgres_v16_08                     4218369           SUCCEEDED                   0         1         661.0
202403220000               hera2hpss                     4223309           SUCCEEDED                   0         1         396.0
================================================================================================================================
202403220600               hpss2hera                     4223804           SUCCEEDED                   0         1         665.0
202403220600          echgres_v16_01                     4226276           SUCCEEDED                   0         3        1008.0
202403220600          echgres_v16_02                     4224490           SUCCEEDED                   0         1         786.0
202403220600          echgres_v16_03                     4225293           SUCCEEDED                   0         2         828.0
202403220600          echgres_v16_04                     4224494           SUCCEEDED                   0         1         757.0
202403220600          echgres_v16_05                     4224492           SUCCEEDED                   0         1         708.0
202403220600          echgres_v16_06                     4226275           SUCCEEDED                   0         3         706.0
202403220600          echgres_v16_07                     4225298           SUCCEEDED                   0         2         768.0
202403220600          echgres_v16_08                     4224496           SUCCEEDED                   0         1         699.0
202403220600               hera2hpss                     4227265           SUCCEEDED                   0         1         730.0
================================================================================================================================
202403221200               hpss2hera                     4228205           SUCCEEDED                   0         1         700.0
202403221200          echgres_v16_01                     4229154           SUCCEEDED                   0         1        1017.0
202403221200          echgres_v16_02                     4229155           SUCCEEDED                   0         1         783.0
202403221200          echgres_v16_03                     4229156           SUCCEEDED                   0         1         712.0
202403221200          echgres_v16_04                     4229157           SUCCEEDED                   0         1         764.0
202403221200          echgres_v16_05                     4236546           SUCCEEDED                   0         8         746.0
202403221200          echgres_v16_06                     4232224           SUCCEEDED                   0         3         751.0
202403221200          echgres_v16_07                     4229161           SUCCEEDED                   0         1         733.0
202403221200          echgres_v16_08                     4229162           SUCCEEDED                   0         1         720.0
202403221200               hera2hpss                     4237473           SUCCEEDED                   0         1         359.0
================================================================================================================================
202403221800               hpss2hera                     4237902           SUCCEEDED                   0         1         670.0
202403221800          echgres_v16_01                     4238767           SUCCEEDED                   0         1        1048.0
202403221800          echgres_v16_02                     4241299           SUCCEEDED                   0         3         648.0
202403221800          echgres_v16_03                     4238758           SUCCEEDED                   0         1         772.0
202403221800          echgres_v16_04                     4239652           SUCCEEDED                   0         2         816.0
202403221800          echgres_v16_05                     4238761           SUCCEEDED                   0         1         789.0
202403221800          echgres_v16_06                     4238760           SUCCEEDED                   0         1         799.0
202403221800          echgres_v16_07                     4238762           SUCCEEDED                   0         1         804.0
202403221800          echgres_v16_08                     4238764           SUCCEEDED                   0         1         783.0
202403221800               hera2hpss                     4241846           SUCCEEDED                   0         1         778.0
================================================================================================================================
202403230000               hpss2hera                     4242484           SUCCEEDED                   0         1         670.0
202403230000          echgres_v16_01                     4243176           SUCCEEDED                   0         1        1033.0
202403230000          echgres_v16_02                     4245391           SUCCEEDED                   0         5         586.0
202403230000          echgres_v16_03                     4243177           SUCCEEDED                   0         1         750.0
202403230000          echgres_v16_04                     4243178           SUCCEEDED                   0         1         752.0
202403230000          echgres_v16_05                     4243179           SUCCEEDED                   0         1         775.0
202403230000          echgres_v16_06                     4243180           SUCCEEDED                   0         1         704.0
202403230000          echgres_v16_07                     4244483           SUCCEEDED                   0         3         701.0
202403230000          echgres_v16_08                     4243469           SUCCEEDED                   0         2         705.0
202403230000               hera2hpss                     4245667           SUCCEEDED                   0         1         401.0
================================================================================================================================
202403230600               hpss2hera                     4245964           SUCCEEDED                   0         1         753.0
202403230600          echgres_v16_01                     4246485           SUCCEEDED                   0         1         938.0
202403230600          echgres_v16_02                     4246490           SUCCEEDED                   0         1         716.0
202403230600          echgres_v16_03                     4247383           SUCCEEDED                   0         2         753.0
202403230600          echgres_v16_04                     4248410           SUCCEEDED                   0         4         651.0
202403230600          echgres_v16_05                     4247384           SUCCEEDED                   0         2         781.0
202403230600          echgres_v16_06                     4246486           SUCCEEDED                   0         1         738.0
202403230600          echgres_v16_07                     4246491           SUCCEEDED                   0         1         781.0
202403230600          echgres_v16_08                     4247385           SUCCEEDED                   0         2         721.0
202403230600               hera2hpss                     4249039           SUCCEEDED                   0         1         507.0
================================================================================================================================
202403231200               hpss2hera                     4249383           SUCCEEDED                   0         1         676.0
202403231200          echgres_v16_01                     4250585           SUCCEEDED                   0         2         882.0
202403231200          echgres_v16_02                     4250058           SUCCEEDED                   0         1         767.0
202403231200          echgres_v16_03                     4250587           SUCCEEDED                   0         2         756.0
202403231200          echgres_v16_04                     4250062           SUCCEEDED                   0         1         798.0
202403231200          echgres_v16_05                     4250064           SUCCEEDED                   0         1         669.0
202403231200          echgres_v16_06                     4250066           SUCCEEDED                   0         1         849.0
202403231200          echgres_v16_07                     4250586           SUCCEEDED                   0         2         609.0
202403231200          echgres_v16_08                     4250068           SUCCEEDED                   0         1         685.0
202403231200               hera2hpss                     4251066           SUCCEEDED                   0         1         779.0
================================================================================================================================
202403231800               hpss2hera                     4251668           SUCCEEDED                   0         1         668.0
202403231800          echgres_v16_01                     4253007           SUCCEEDED                   0         1         939.0
202403231800          echgres_v16_02                     4253008           SUCCEEDED                   0         1         741.0
202403231800          echgres_v16_03                     4253006           SUCCEEDED                   0         1         703.0
202403231800          echgres_v16_04                     4253009           SUCCEEDED                   0         1         781.0
202403231800          echgres_v16_05                     4253573           SUCCEEDED                   0         2         730.0
202403231800          echgres_v16_06                     4253571           SUCCEEDED                   0         3         721.0
202403231800          echgres_v16_07                     4254266           SUCCEEDED                   0         3         634.0
202403231800          echgres_v16_08                     4254265           SUCCEEDED                   0         3         714.0
202403231800               hera2hpss                     4254851           SUCCEEDED                   0         1         654.0
================================================================================================================================
202403240000               hpss2hera                     4255349           SUCCEEDED                   0         1         626.0
202403240000          echgres_v16_01                     4256899           SUCCEEDED                   0         3         926.0
202403240000          echgres_v16_02                     4255878           SUCCEEDED                   0         1         684.0
202403240000          echgres_v16_03                     4256377           SUCCEEDED                   0         2         662.0
202403240000          echgres_v16_04                     4255885           SUCCEEDED                   0         1         805.0
202403240000          echgres_v16_05                     4256376           SUCCEEDED                   0         2         788.0
202403240000          echgres_v16_06                     4256374           SUCCEEDED                   0         2         703.0
202403240000          echgres_v16_07                     4255882           SUCCEEDED                   0         1         818.0
202403240000          echgres_v16_08                     4256375           SUCCEEDED                   0         2         708.0
202403240000               hera2hpss                     4257451           SUCCEEDED                   0         1         669.0
================================================================================================================================
202403240600               hpss2hera                     4257934           SUCCEEDED                   0         1         656.0
202403240600          echgres_v16_01                     4258960           SUCCEEDED                   0         2         935.0
202403240600          echgres_v16_02                     4258410           SUCCEEDED                   0         1         738.0
202403240600          echgres_v16_03                     4258957           SUCCEEDED                   0         2         724.0
202403240600          echgres_v16_04                     4258411           SUCCEEDED                   0         1         718.0
202403240600          echgres_v16_05                     4259392           SUCCEEDED                   0         3         782.0
202403240600          echgres_v16_06                     4258414           SUCCEEDED                   0         1         844.0
202403240600          echgres_v16_07                     4258413           SUCCEEDED                   0         1         812.0
202403240600          echgres_v16_08                     4259397           SUCCEEDED                   0         3         721.0
202403240600               hera2hpss                     4259928           SUCCEEDED                   0         1         659.0
================================================================================================================================
202403241200               hpss2hera                     4260428           SUCCEEDED                   0         1         879.0
202403241200          echgres_v16_01                     4260853           SUCCEEDED                   0         1        1087.0
202403241200          echgres_v16_02                     4261685           SUCCEEDED                   0         3         714.0
202403241200          echgres_v16_03                     4261478           SUCCEEDED                   0         2         608.0
202403241200          echgres_v16_04                     4261474           SUCCEEDED                   0         2         672.0
202403241200          echgres_v16_05                     4260854           SUCCEEDED                   0         1         652.0
202403241200          echgres_v16_06                     4261475           SUCCEEDED                   0         2         679.0
202403241200          echgres_v16_07                     4264132           SUCCEEDED                   0         6         689.0
202403241200          echgres_v16_08                     4261476           SUCCEEDED                   0         2         615.0
202403241200               hera2hpss                     4264520           SUCCEEDED                   0         1         400.0
================================================================================================================================
202403241800               hpss2hera                     4264737           SUCCEEDED                   0         1         649.0
202403241800          echgres_v16_01                     4265113           SUCCEEDED                   0         1         876.0
202403241800          echgres_v16_02                     4265112           SUCCEEDED                   0         1         804.0
202403241800          echgres_v16_03                     4265656           SUCCEEDED                   0         2         659.0
202403241800          echgres_v16_04                     4266372           SUCCEEDED                   0         4         640.0
202403241800          echgres_v16_05                     4265115           SUCCEEDED                   0         1         745.0
202403241800          echgres_v16_06                     4266117           SUCCEEDED                   0         3         787.0
202403241800          echgres_v16_07                     4265117           SUCCEEDED                   0         1         744.0
202403241800          echgres_v16_08                     4265118           SUCCEEDED                   0         1         623.0
202403241800               hera2hpss                     4266857           SUCCEEDED                   0         1         527.0
