2019100300 (Mem1-10 replaced by 71-80 all)
2019101012 (Mem71-80 replaced by 1-10 all)
2019101312 (Mem51-70 replaced by 1-20 all)
2019101318 (Mem51-80 replaced by 1-30 all)
2019101400 (Mem51-80 replaced by 1-30 all)
2019101412 (Mem21-40/61-80 replaced by 41-60/1-20 all)
2019101418 (Mem31-40/41-80 replaced by 1-10/1-40 all019101418 (Mem31-40/41-80 replaced by 1-10/1-40 all)
2019101500 (Mem11-30/41-60/71-80 replaced by 61-70/21-40/1-10 all)
2019101506 (Mem11-80 replaced by 1-10 all)
2019101512 (Mem1-10/21-80 replaced by 11-20 all)
2019101518 (Mem11-20/21-40/61-80/41-50 replaced by 51-60/1-20/1-20/1-10 all)
2019101700 (Mem51-70 replaced by 1-20 all)
2019101706 (Mem41-50/71-80 replaced by 1-10/11-20 all)
2019101712 (Mem71-80 replaced by 1-10 all)
2019101718 (Mem51-60 replaced by 1-10 all)
2019102506 (Mem51-60 replaced by 1-10 all)
2019102600 (Mem71-80 replaced by 1-10 all)
2019102712 (Mem41-50 replaced by 71-80 all)
2019102900 (Mem61-70/21-40 replaced by 41-50/61-80 all)
2019102906 (Mem11-20/21-40/51-60/61-80 replaced by 41-50/1-20/1-10/41-60)
2019102918 (Mem1-10/21-40/41-50/71-80 replaced by 51-60/51-70/11-20/51-60
2019103000 (Mem1-60/71-80 replaced by 71-70)
2019103006 (Mem 11-80 replaced by 0-10)
2019103012 (Mem 01-10 replaced by mem41-50)
2019103018 (Mem 1-20/21-40/51-60/71-80 replaced bymem41-50/61-70/41-50/61-70 )
2019103100 (Mem 1-10 replaced by 71-80)
2019103118 (Mem 1-10 replaced by 71-80)
